CRITICAL - 2023-11-14 05:24:59 --> Call to a member function getResult() on bool
in APPPATH/Models/UserModel.php on line 247.
 1 APPPATH/Controllers/Home.php(676): App\Models\UserModel->copytable('100085')
 2 SYSTEMPATH/CodeIgniter.php(932): App\Controllers\Home->copytable()
 3 SYSTEMPATH/CodeIgniter.php(497): CodeIgniter\CodeIgniter->runController(Object(App\Controllers\Home))
 4 SYSTEMPATH/CodeIgniter.php(366): CodeIgniter\CodeIgniter->handleRequest(null, Object(Config\Cache), false)
 5 FCPATH/index.php(70): CodeIgniter\CodeIgniter->run()
CRITICAL - 2023-11-14 05:38:34 --> Call to a member function getResult() on bool
in APPPATH/Models/UserModel.php on line 247.
 1 APPPATH/Controllers/Home.php(676): App\Models\UserModel->copytable('100086')
 2 SYSTEMPATH/CodeIgniter.php(932): App\Controllers\Home->copytable()
 3 SYSTEMPATH/CodeIgniter.php(497): CodeIgniter\CodeIgniter->runController(Object(App\Controllers\Home))
 4 SYSTEMPATH/CodeIgniter.php(366): CodeIgniter\CodeIgniter->handleRequest(null, Object(Config\Cache), false)
 5 FCPATH/index.php(70): CodeIgniter\CodeIgniter->run()
CRITICAL - 2023-11-14 05:47:55 --> Call to a member function getResult() on bool
in APPPATH/Models/UserModel.php on line 247.
 1 APPPATH/Controllers/Home.php(676): App\Models\UserModel->copytable('100087')
 2 SYSTEMPATH/CodeIgniter.php(932): App\Controllers\Home->copytable()
 3 SYSTEMPATH/CodeIgniter.php(497): CodeIgniter\CodeIgniter->runController(Object(App\Controllers\Home))
 4 SYSTEMPATH/CodeIgniter.php(366): CodeIgniter\CodeIgniter->handleRequest(null, Object(Config\Cache), false)
 5 FCPATH/index.php(70): CodeIgniter\CodeIgniter->run()
CRITICAL - 2023-11-14 06:02:15 --> Call to a member function getResult() on bool
in APPPATH/Models/UserModel.php on line 247.
 1 APPPATH/Controllers/Home.php(676): App\Models\UserModel->copytable('100088')
 2 SYSTEMPATH/CodeIgniter.php(932): App\Controllers\Home->copytable()
 3 SYSTEMPATH/CodeIgniter.php(497): CodeIgniter\CodeIgniter->runController(Object(App\Controllers\Home))
 4 SYSTEMPATH/CodeIgniter.php(366): CodeIgniter\CodeIgniter->handleRequest(null, Object(Config\Cache), false)
 5 FCPATH/index.php(70): CodeIgniter\CodeIgniter->run()
CRITICAL - 2023-11-14 06:12:13 --> Call to a member function getResult() on bool
in APPPATH/Models/UserModel.php on line 247.
 1 APPPATH/Controllers/Home.php(676): App\Models\UserModel->copytable('100089')
 2 SYSTEMPATH/CodeIgniter.php(932): App\Controllers\Home->copytable()
 3 SYSTEMPATH/CodeIgniter.php(497): CodeIgniter\CodeIgniter->runController(Object(App\Controllers\Home))
 4 SYSTEMPATH/CodeIgniter.php(366): CodeIgniter\CodeIgniter->handleRequest(null, Object(Config\Cache), false)
 5 FCPATH/index.php(70): CodeIgniter\CodeIgniter->run()
CRITICAL - 2023-11-14 06:17:17 --> Call to a member function getResult() on bool
in APPPATH/Models/UserModel.php on line 247.
 1 APPPATH/Controllers/Home.php(676): App\Models\UserModel->copytable('100090')
 2 SYSTEMPATH/CodeIgniter.php(932): App\Controllers\Home->copytable()
 3 SYSTEMPATH/CodeIgniter.php(497): CodeIgniter\CodeIgniter->runController(Object(App\Controllers\Home))
 4 SYSTEMPATH/CodeIgniter.php(366): CodeIgniter\CodeIgniter->handleRequest(null, Object(Config\Cache), false)
 5 FCPATH/index.php(70): CodeIgniter\CodeIgniter->run()
CRITICAL - 2023-11-14 06:25:17 --> Call to a member function getResult() on bool
in APPPATH/Models/UserModel.php on line 247.
 1 APPPATH/Controllers/Home.php(676): App\Models\UserModel->copytable('100091')
 2 SYSTEMPATH/CodeIgniter.php(932): App\Controllers\Home->copytable()
 3 SYSTEMPATH/CodeIgniter.php(497): CodeIgniter\CodeIgniter->runController(Object(App\Controllers\Home))
 4 SYSTEMPATH/CodeIgniter.php(366): CodeIgniter\CodeIgniter->handleRequest(null, Object(Config\Cache), false)
 5 FCPATH/index.php(70): CodeIgniter\CodeIgniter->run()
CRITICAL - 2023-11-14 06:32:33 --> Call to a member function getResult() on bool
in APPPATH/Models/UserModel.php on line 247.
 1 APPPATH/Controllers/Home.php(676): App\Models\UserModel->copytable('100092')
 2 SYSTEMPATH/CodeIgniter.php(932): App\Controllers\Home->copytable()
 3 SYSTEMPATH/CodeIgniter.php(497): CodeIgniter\CodeIgniter->runController(Object(App\Controllers\Home))
 4 SYSTEMPATH/CodeIgniter.php(366): CodeIgniter\CodeIgniter->handleRequest(null, Object(Config\Cache), false)
 5 FCPATH/index.php(70): CodeIgniter\CodeIgniter->run()
CRITICAL - 2023-11-14 06:58:33 --> Call to a member function getResult() on bool
in APPPATH/Models/UserModel.php on line 247.
 1 APPPATH/Controllers/Home.php(676): App\Models\UserModel->copytable('100093')
 2 SYSTEMPATH/CodeIgniter.php(932): App\Controllers\Home->copytable()
 3 SYSTEMPATH/CodeIgniter.php(497): CodeIgniter\CodeIgniter->runController(Object(App\Controllers\Home))
 4 SYSTEMPATH/CodeIgniter.php(366): CodeIgniter\CodeIgniter->handleRequest(null, Object(Config\Cache), false)
 5 FCPATH/index.php(70): CodeIgniter\CodeIgniter->run()
CRITICAL - 2023-11-14 07:54:04 --> Call to a member function getResult() on bool
in APPPATH/Models/UserModel.php on line 247.
 1 APPPATH/Controllers/Home.php(676): App\Models\UserModel->copytable('100094')
 2 SYSTEMPATH/CodeIgniter.php(932): App\Controllers\Home->copytable()
 3 SYSTEMPATH/CodeIgniter.php(497): CodeIgniter\CodeIgniter->runController(Object(App\Controllers\Home))
 4 SYSTEMPATH/CodeIgniter.php(366): CodeIgniter\CodeIgniter->handleRequest(null, Object(Config\Cache), false)
 5 FCPATH/index.php(70): CodeIgniter\CodeIgniter->run()
CRITICAL - 2023-11-14 08:06:05 --> Call to a member function getResult() on bool
in APPPATH/Models/UserModel.php on line 247.
 1 APPPATH/Controllers/Home.php(676): App\Models\UserModel->copytable('100095')
 2 SYSTEMPATH/CodeIgniter.php(932): App\Controllers\Home->copytable()
 3 SYSTEMPATH/CodeIgniter.php(497): CodeIgniter\CodeIgniter->runController(Object(App\Controllers\Home))
 4 SYSTEMPATH/CodeIgniter.php(366): CodeIgniter\CodeIgniter->handleRequest(null, Object(Config\Cache), false)
 5 FCPATH/index.php(70): CodeIgniter\CodeIgniter->run()
CRITICAL - 2023-11-14 08:24:34 --> Call to a member function getResult() on bool
in APPPATH/Models/UserModel.php on line 247.
 1 APPPATH/Controllers/Home.php(676): App\Models\UserModel->copytable('100096')
 2 SYSTEMPATH/CodeIgniter.php(932): App\Controllers\Home->copytable()
 3 SYSTEMPATH/CodeIgniter.php(497): CodeIgniter\CodeIgniter->runController(Object(App\Controllers\Home))
 4 SYSTEMPATH/CodeIgniter.php(366): CodeIgniter\CodeIgniter->handleRequest(null, Object(Config\Cache), false)
 5 FCPATH/index.php(70): CodeIgniter\CodeIgniter->run()
CRITICAL - 2023-11-14 08:37:31 --> Call to a member function getResult() on bool
in APPPATH/Models/UserModel.php on line 247.
 1 APPPATH/Controllers/Home.php(676): App\Models\UserModel->copytable('100097')
 2 SYSTEMPATH/CodeIgniter.php(932): App\Controllers\Home->copytable()
 3 SYSTEMPATH/CodeIgniter.php(497): CodeIgniter\CodeIgniter->runController(Object(App\Controllers\Home))
 4 SYSTEMPATH/CodeIgniter.php(366): CodeIgniter\CodeIgniter->handleRequest(null, Object(Config\Cache), false)
 5 FCPATH/index.php(70): CodeIgniter\CodeIgniter->run()
CRITICAL - 2023-11-14 08:52:44 --> Call to a member function getResult() on bool
in APPPATH/Models/UserModel.php on line 247.
 1 APPPATH/Controllers/Home.php(676): App\Models\UserModel->copytable('100098')
 2 SYSTEMPATH/CodeIgniter.php(932): App\Controllers\Home->copytable()
 3 SYSTEMPATH/CodeIgniter.php(497): CodeIgniter\CodeIgniter->runController(Object(App\Controllers\Home))
 4 SYSTEMPATH/CodeIgniter.php(366): CodeIgniter\CodeIgniter->handleRequest(null, Object(Config\Cache), false)
 5 FCPATH/index.php(70): CodeIgniter\CodeIgniter->run()
CRITICAL - 2023-11-14 09:10:05 --> Call to a member function getResult() on bool
in APPPATH/Models/UserModel.php on line 247.
 1 APPPATH/Controllers/Home.php(676): App\Models\UserModel->copytable('100099')
 2 SYSTEMPATH/CodeIgniter.php(932): App\Controllers\Home->copytable()
 3 SYSTEMPATH/CodeIgniter.php(497): CodeIgniter\CodeIgniter->runController(Object(App\Controllers\Home))
 4 SYSTEMPATH/CodeIgniter.php(366): CodeIgniter\CodeIgniter->handleRequest(null, Object(Config\Cache), false)
 5 FCPATH/index.php(70): CodeIgniter\CodeIgniter->run()
CRITICAL - 2023-11-14 09:42:37 --> Call to a member function getResult() on bool
in APPPATH/Models/UserModel.php on line 247.
 1 APPPATH/Controllers/Home.php(676): App\Models\UserModel->copytable('100100')
 2 SYSTEMPATH/CodeIgniter.php(932): App\Controllers\Home->copytable()
 3 SYSTEMPATH/CodeIgniter.php(497): CodeIgniter\CodeIgniter->runController(Object(App\Controllers\Home))
 4 SYSTEMPATH/CodeIgniter.php(366): CodeIgniter\CodeIgniter->handleRequest(null, Object(Config\Cache), false)
 5 FCPATH/index.php(70): CodeIgniter\CodeIgniter->run()
CRITICAL - 2023-11-14 09:51:59 --> Call to a member function getResult() on bool
in APPPATH/Models/UserModel.php on line 247.
 1 APPPATH/Controllers/Home.php(676): App\Models\UserModel->copytable('100101')
 2 SYSTEMPATH/CodeIgniter.php(932): App\Controllers\Home->copytable()
 3 SYSTEMPATH/CodeIgniter.php(497): CodeIgniter\CodeIgniter->runController(Object(App\Controllers\Home))
 4 SYSTEMPATH/CodeIgniter.php(366): CodeIgniter\CodeIgniter->handleRequest(null, Object(Config\Cache), false)
 5 FCPATH/index.php(70): CodeIgniter\CodeIgniter->run()
CRITICAL - 2023-11-14 10:09:03 --> Call to a member function getResult() on bool
in APPPATH/Models/UserModel.php on line 247.
 1 APPPATH/Controllers/Home.php(676): App\Models\UserModel->copytable('100101')
 2 SYSTEMPATH/CodeIgniter.php(932): App\Controllers\Home->copytable()
 3 SYSTEMPATH/CodeIgniter.php(497): CodeIgniter\CodeIgniter->runController(Object(App\Controllers\Home))
 4 SYSTEMPATH/CodeIgniter.php(366): CodeIgniter\CodeIgniter->handleRequest(null, Object(Config\Cache), false)
 5 FCPATH/index.php(70): CodeIgniter\CodeIgniter->run()
CRITICAL - 2023-11-14 10:12:46 --> Call to a member function getResult() on bool
in APPPATH/Models/UserModel.php on line 247.
 1 APPPATH/Controllers/Home.php(676): App\Models\UserModel->copytable('100102')
 2 SYSTEMPATH/CodeIgniter.php(932): App\Controllers\Home->copytable()
 3 SYSTEMPATH/CodeIgniter.php(497): CodeIgniter\CodeIgniter->runController(Object(App\Controllers\Home))
 4 SYSTEMPATH/CodeIgniter.php(366): CodeIgniter\CodeIgniter->handleRequest(null, Object(Config\Cache), false)
 5 FCPATH/index.php(70): CodeIgniter\CodeIgniter->run()
CRITICAL - 2023-11-14 10:16:57 --> Call to a member function getResult() on bool
in APPPATH/Models/UserModel.php on line 247.
 1 APPPATH/Controllers/Home.php(676): App\Models\UserModel->copytable('100103')
 2 SYSTEMPATH/CodeIgniter.php(932): App\Controllers\Home->copytable()
 3 SYSTEMPATH/CodeIgniter.php(497): CodeIgniter\CodeIgniter->runController(Object(App\Controllers\Home))
 4 SYSTEMPATH/CodeIgniter.php(366): CodeIgniter\CodeIgniter->handleRequest(null, Object(Config\Cache), false)
 5 FCPATH/index.php(70): CodeIgniter\CodeIgniter->run()
CRITICAL - 2023-11-14 10:19:09 --> Call to a member function getResult() on bool
in APPPATH/Models/UserModel.php on line 247.
 1 APPPATH/Controllers/Home.php(676): App\Models\UserModel->copytable('100104')
 2 SYSTEMPATH/CodeIgniter.php(932): App\Controllers\Home->copytable()
 3 SYSTEMPATH/CodeIgniter.php(497): CodeIgniter\CodeIgniter->runController(Object(App\Controllers\Home))
 4 SYSTEMPATH/CodeIgniter.php(366): CodeIgniter\CodeIgniter->handleRequest(null, Object(Config\Cache), false)
 5 FCPATH/index.php(70): CodeIgniter\CodeIgniter->run()
CRITICAL - 2023-11-14 10:34:42 --> Call to a member function getResult() on bool
in APPPATH/Models/UserModel.php on line 247.
 1 APPPATH/Controllers/Home.php(676): App\Models\UserModel->copytable('100001')
 2 SYSTEMPATH/CodeIgniter.php(932): App\Controllers\Home->copytable()
 3 SYSTEMPATH/CodeIgniter.php(497): CodeIgniter\CodeIgniter->runController(Object(App\Controllers\Home))
 4 SYSTEMPATH/CodeIgniter.php(366): CodeIgniter\CodeIgniter->handleRequest(null, Object(Config\Cache), false)
 5 FCPATH/index.php(70): CodeIgniter\CodeIgniter->run()
CRITICAL - 2023-11-14 10:35:31 --> Call to a member function getResult() on bool
in APPPATH/Models/UserModel.php on line 247.
 1 APPPATH/Controllers/Home.php(676): App\Models\UserModel->copytable('100002')
 2 SYSTEMPATH/CodeIgniter.php(932): App\Controllers\Home->copytable()
 3 SYSTEMPATH/CodeIgniter.php(497): CodeIgniter\CodeIgniter->runController(Object(App\Controllers\Home))
 4 SYSTEMPATH/CodeIgniter.php(366): CodeIgniter\CodeIgniter->handleRequest(null, Object(Config\Cache), false)
 5 FCPATH/index.php(70): CodeIgniter\CodeIgniter->run()
CRITICAL - 2023-11-14 10:44:52 --> Call to a member function getResult() on bool
in APPPATH/Models/UserModel.php on line 247.
 1 APPPATH/Controllers/Home.php(676): App\Models\UserModel->copytable('100003')
 2 SYSTEMPATH/CodeIgniter.php(932): App\Controllers\Home->copytable()
 3 SYSTEMPATH/CodeIgniter.php(497): CodeIgniter\CodeIgniter->runController(Object(App\Controllers\Home))
 4 SYSTEMPATH/CodeIgniter.php(366): CodeIgniter\CodeIgniter->handleRequest(null, Object(Config\Cache), false)
 5 FCPATH/index.php(70): CodeIgniter\CodeIgniter->run()
CRITICAL - 2023-11-14 10:46:39 --> Call to a member function getResult() on bool
in APPPATH/Models/UserModel.php on line 247.
 1 APPPATH/Controllers/Home.php(676): App\Models\UserModel->copytable('100004')
 2 SYSTEMPATH/CodeIgniter.php(932): App\Controllers\Home->copytable()
 3 SYSTEMPATH/CodeIgniter.php(497): CodeIgniter\CodeIgniter->runController(Object(App\Controllers\Home))
 4 SYSTEMPATH/CodeIgniter.php(366): CodeIgniter\CodeIgniter->handleRequest(null, Object(Config\Cache), false)
 5 FCPATH/index.php(70): CodeIgniter\CodeIgniter->run()
CRITICAL - 2023-11-14 10:47:55 --> Call to a member function getResult() on bool
in APPPATH/Models/UserModel.php on line 247.
 1 APPPATH/Controllers/Home.php(676): App\Models\UserModel->copytable('100005')
 2 SYSTEMPATH/CodeIgniter.php(932): App\Controllers\Home->copytable()
 3 SYSTEMPATH/CodeIgniter.php(497): CodeIgniter\CodeIgniter->runController(Object(App\Controllers\Home))
 4 SYSTEMPATH/CodeIgniter.php(366): CodeIgniter\CodeIgniter->handleRequest(null, Object(Config\Cache), false)
 5 FCPATH/index.php(70): CodeIgniter\CodeIgniter->run()
CRITICAL - 2023-11-14 10:52:29 --> Call to a member function getResult() on bool
in APPPATH/Models/UserModel.php on line 247.
 1 APPPATH/Controllers/Home.php(676): App\Models\UserModel->copytable('100006')
 2 SYSTEMPATH/CodeIgniter.php(932): App\Controllers\Home->copytable()
 3 SYSTEMPATH/CodeIgniter.php(497): CodeIgniter\CodeIgniter->runController(Object(App\Controllers\Home))
 4 SYSTEMPATH/CodeIgniter.php(366): CodeIgniter\CodeIgniter->handleRequest(null, Object(Config\Cache), false)
 5 FCPATH/index.php(70): CodeIgniter\CodeIgniter->run()
CRITICAL - 2023-11-14 11:02:06 --> Call to a member function getResult() on bool
in APPPATH/Models/UserModel.php on line 247.
 1 APPPATH/Controllers/Home.php(676): App\Models\UserModel->copytable('100007')
 2 SYSTEMPATH/CodeIgniter.php(932): App\Controllers\Home->copytable()
 3 SYSTEMPATH/CodeIgniter.php(497): CodeIgniter\CodeIgniter->runController(Object(App\Controllers\Home))
 4 SYSTEMPATH/CodeIgniter.php(366): CodeIgniter\CodeIgniter->handleRequest(null, Object(Config\Cache), false)
 5 FCPATH/index.php(70): CodeIgniter\CodeIgniter->run()
CRITICAL - 2023-11-14 11:04:16 --> Call to a member function getResult() on bool
in APPPATH/Models/UserModel.php on line 247.
 1 APPPATH/Controllers/Home.php(676): App\Models\UserModel->copytable('100008')
 2 SYSTEMPATH/CodeIgniter.php(932): App\Controllers\Home->copytable()
 3 SYSTEMPATH/CodeIgniter.php(497): CodeIgniter\CodeIgniter->runController(Object(App\Controllers\Home))
 4 SYSTEMPATH/CodeIgniter.php(366): CodeIgniter\CodeIgniter->handleRequest(null, Object(Config\Cache), false)
 5 FCPATH/index.php(70): CodeIgniter\CodeIgniter->run()
CRITICAL - 2023-11-14 11:05:27 --> Call to a member function getResult() on bool
in APPPATH/Models/UserModel.php on line 247.
 1 APPPATH/Controllers/Home.php(676): App\Models\UserModel->copytable('100009')
 2 SYSTEMPATH/CodeIgniter.php(932): App\Controllers\Home->copytable()
 3 SYSTEMPATH/CodeIgniter.php(497): CodeIgniter\CodeIgniter->runController(Object(App\Controllers\Home))
 4 SYSTEMPATH/CodeIgniter.php(366): CodeIgniter\CodeIgniter->handleRequest(null, Object(Config\Cache), false)
 5 FCPATH/index.php(70): CodeIgniter\CodeIgniter->run()
CRITICAL - 2023-11-14 11:08:03 --> Call to a member function getResult() on bool
in APPPATH/Models/UserModel.php on line 247.
 1 APPPATH/Controllers/Home.php(676): App\Models\UserModel->copytable('100010')
 2 SYSTEMPATH/CodeIgniter.php(932): App\Controllers\Home->copytable()
 3 SYSTEMPATH/CodeIgniter.php(497): CodeIgniter\CodeIgniter->runController(Object(App\Controllers\Home))
 4 SYSTEMPATH/CodeIgniter.php(366): CodeIgniter\CodeIgniter->handleRequest(null, Object(Config\Cache), false)
 5 FCPATH/index.php(70): CodeIgniter\CodeIgniter->run()
CRITICAL - 2023-11-14 11:10:12 --> Call to a member function getResult() on bool
in APPPATH/Models/UserModel.php on line 247.
 1 APPPATH/Controllers/Home.php(676): App\Models\UserModel->copytable('100011')
 2 SYSTEMPATH/CodeIgniter.php(932): App\Controllers\Home->copytable()
 3 SYSTEMPATH/CodeIgniter.php(497): CodeIgniter\CodeIgniter->runController(Object(App\Controllers\Home))
 4 SYSTEMPATH/CodeIgniter.php(366): CodeIgniter\CodeIgniter->handleRequest(null, Object(Config\Cache), false)
 5 FCPATH/index.php(70): CodeIgniter\CodeIgniter->run()
CRITICAL - 2023-11-14 11:24:24 --> Call to a member function getResult() on bool
in APPPATH/Models/UserModel.php on line 247.
 1 APPPATH/Controllers/Home.php(676): App\Models\UserModel->copytable('100012')
 2 SYSTEMPATH/CodeIgniter.php(932): App\Controllers\Home->copytable()
 3 SYSTEMPATH/CodeIgniter.php(497): CodeIgniter\CodeIgniter->runController(Object(App\Controllers\Home))
 4 SYSTEMPATH/CodeIgniter.php(366): CodeIgniter\CodeIgniter->handleRequest(null, Object(Config\Cache), false)
 5 FCPATH/index.php(70): CodeIgniter\CodeIgniter->run()
CRITICAL - 2023-11-14 11:28:34 --> Call to a member function getResult() on bool
in APPPATH/Models/UserModel.php on line 247.
 1 APPPATH/Controllers/Home.php(676): App\Models\UserModel->copytable('100013')
 2 SYSTEMPATH/CodeIgniter.php(932): App\Controllers\Home->copytable()
 3 SYSTEMPATH/CodeIgniter.php(497): CodeIgniter\CodeIgniter->runController(Object(App\Controllers\Home))
 4 SYSTEMPATH/CodeIgniter.php(366): CodeIgniter\CodeIgniter->handleRequest(null, Object(Config\Cache), false)
 5 FCPATH/index.php(70): CodeIgniter\CodeIgniter->run()
CRITICAL - 2023-11-14 12:04:13 --> Call to a member function getResult() on bool
in APPPATH/Models/UserModel.php on line 247.
 1 APPPATH/Controllers/Home.php(676): App\Models\UserModel->copytable('100014')
 2 SYSTEMPATH/CodeIgniter.php(932): App\Controllers\Home->copytable()
 3 SYSTEMPATH/CodeIgniter.php(497): CodeIgniter\CodeIgniter->runController(Object(App\Controllers\Home))
 4 SYSTEMPATH/CodeIgniter.php(366): CodeIgniter\CodeIgniter->handleRequest(null, Object(Config\Cache), false)
 5 FCPATH/index.php(70): CodeIgniter\CodeIgniter->run()
