CRITICAL - 2023-11-20 07:19:11 --> Call to a member function getResult() on bool
in APPPATH/Models/UserModel.php on line 247.
 1 APPPATH/Controllers/Home.php(707): App\Models\UserModel->copytable()
 2 SYSTEMPATH/CodeIgniter.php(932): App\Controllers\Home->copytable()
 3 SYSTEMPATH/CodeIgniter.php(497): CodeIgniter\CodeIgniter->runController()
 4 SYSTEMPATH/CodeIgniter.php(366): CodeIgniter\CodeIgniter->handleRequest()
 5 FCPATH/index.php(70): CodeIgniter\CodeIgniter->run()
CRITICAL - 2023-11-20 07:19:12 --> Undefined array key 1
in APPPATH/Views/invoice.php on line 125.
 1 APPPATH/Views/invoice.php(125): CodeIgniter\Debug\Exceptions->errorHandler()
 2 SYSTEMPATH/View/View.php(224): include('/home/dduoydj7qm5c/public_html/nooruiaintrader.store/app/Views/invoice.php')
 3 SYSTEMPATH/View/View.php(227): CodeIgniter\View\View->CodeIgniter\View\{closure}()
 4 SYSTEMPATH/Common.php(1176): CodeIgniter\View\View->render()
 5 APPPATH/Controllers/Home.php(775): view()
 6 SYSTEMPATH/CodeIgniter.php(932): App\Controllers\Home->invoice()
 7 SYSTEMPATH/CodeIgniter.php(497): CodeIgniter\CodeIgniter->runController()
 8 SYSTEMPATH/CodeIgniter.php(366): CodeIgniter\CodeIgniter->handleRequest()
 9 FCPATH/index.php(70): CodeIgniter\CodeIgniter->run()
CRITICAL - 2023-11-20 07:19:23 --> Undefined array key 1
in APPPATH/Views/invoice.php on line 125.
 1 APPPATH/Views/invoice.php(125): CodeIgniter\Debug\Exceptions->errorHandler()
 2 SYSTEMPATH/View/View.php(224): include('/home/dduoydj7qm5c/public_html/nooruiaintrader.store/app/Views/invoice.php')
 3 SYSTEMPATH/View/View.php(227): CodeIgniter\View\View->CodeIgniter\View\{closure}()
 4 SYSTEMPATH/Common.php(1176): CodeIgniter\View\View->render()
 5 APPPATH/Controllers/Home.php(775): view()
 6 SYSTEMPATH/CodeIgniter.php(932): App\Controllers\Home->invoice()
 7 SYSTEMPATH/CodeIgniter.php(497): CodeIgniter\CodeIgniter->runController()
 8 SYSTEMPATH/CodeIgniter.php(366): CodeIgniter\CodeIgniter->handleRequest()
 9 FCPATH/index.php(70): CodeIgniter\CodeIgniter->run()
CRITICAL - 2023-11-20 07:19:25 --> Undefined array key 1
in APPPATH/Views/invoice.php on line 125.
 1 APPPATH/Views/invoice.php(125): CodeIgniter\Debug\Exceptions->errorHandler()
 2 SYSTEMPATH/View/View.php(224): include('/home/dduoydj7qm5c/public_html/nooruiaintrader.store/app/Views/invoice.php')
 3 SYSTEMPATH/View/View.php(227): CodeIgniter\View\View->CodeIgniter\View\{closure}()
 4 SYSTEMPATH/Common.php(1176): CodeIgniter\View\View->render()
 5 APPPATH/Controllers/Home.php(775): view()
 6 SYSTEMPATH/CodeIgniter.php(932): App\Controllers\Home->invoice()
 7 SYSTEMPATH/CodeIgniter.php(497): CodeIgniter\CodeIgniter->runController()
 8 SYSTEMPATH/CodeIgniter.php(366): CodeIgniter\CodeIgniter->handleRequest()
 9 FCPATH/index.php(70): CodeIgniter\CodeIgniter->run()
CRITICAL - 2023-11-20 07:19:47 --> Undefined array key 1
in APPPATH/Views/invoice.php on line 125.
 1 APPPATH/Views/invoice.php(125): CodeIgniter\Debug\Exceptions->errorHandler()
 2 SYSTEMPATH/View/View.php(224): include('/home/dduoydj7qm5c/public_html/nooruiaintrader.store/app/Views/invoice.php')
 3 SYSTEMPATH/View/View.php(227): CodeIgniter\View\View->CodeIgniter\View\{closure}()
 4 SYSTEMPATH/Common.php(1176): CodeIgniter\View\View->render()
 5 APPPATH/Controllers/Home.php(775): view()
 6 SYSTEMPATH/CodeIgniter.php(932): App\Controllers\Home->invoice()
 7 SYSTEMPATH/CodeIgniter.php(497): CodeIgniter\CodeIgniter->runController()
 8 SYSTEMPATH/CodeIgniter.php(366): CodeIgniter\CodeIgniter->handleRequest()
 9 FCPATH/index.php(70): CodeIgniter\CodeIgniter->run()
CRITICAL - 2023-11-20 07:21:08 --> Call to a member function getResult() on bool
in APPPATH/Models/UserModel.php on line 247.
 1 APPPATH/Controllers/Home.php(707): App\Models\UserModel->copytable()
 2 SYSTEMPATH/CodeIgniter.php(932): App\Controllers\Home->copytable()
 3 SYSTEMPATH/CodeIgniter.php(497): CodeIgniter\CodeIgniter->runController()
 4 SYSTEMPATH/CodeIgniter.php(366): CodeIgniter\CodeIgniter->handleRequest()
 5 FCPATH/index.php(70): CodeIgniter\CodeIgniter->run()
CRITICAL - 2023-11-20 07:21:08 --> Undefined array key 1
in APPPATH/Views/invoice.php on line 125.
 1 APPPATH/Views/invoice.php(125): CodeIgniter\Debug\Exceptions->errorHandler()
 2 SYSTEMPATH/View/View.php(224): include('/home/dduoydj7qm5c/public_html/nooruiaintrader.store/app/Views/invoice.php')
 3 SYSTEMPATH/View/View.php(227): CodeIgniter\View\View->CodeIgniter\View\{closure}()
 4 SYSTEMPATH/Common.php(1176): CodeIgniter\View\View->render()
 5 APPPATH/Controllers/Home.php(775): view()
 6 SYSTEMPATH/CodeIgniter.php(932): App\Controllers\Home->invoice()
 7 SYSTEMPATH/CodeIgniter.php(497): CodeIgniter\CodeIgniter->runController()
 8 SYSTEMPATH/CodeIgniter.php(366): CodeIgniter\CodeIgniter->handleRequest()
 9 FCPATH/index.php(70): CodeIgniter\CodeIgniter->run()
CRITICAL - 2023-11-20 07:21:10 --> Undefined array key 1
in APPPATH/Views/invoice.php on line 125.
 1 APPPATH/Views/invoice.php(125): CodeIgniter\Debug\Exceptions->errorHandler()
 2 SYSTEMPATH/View/View.php(224): include('/home/dduoydj7qm5c/public_html/nooruiaintrader.store/app/Views/invoice.php')
 3 SYSTEMPATH/View/View.php(227): CodeIgniter\View\View->CodeIgniter\View\{closure}()
 4 SYSTEMPATH/Common.php(1176): CodeIgniter\View\View->render()
 5 APPPATH/Controllers/Home.php(775): view()
 6 SYSTEMPATH/CodeIgniter.php(932): App\Controllers\Home->invoice()
 7 SYSTEMPATH/CodeIgniter.php(497): CodeIgniter\CodeIgniter->runController()
 8 SYSTEMPATH/CodeIgniter.php(366): CodeIgniter\CodeIgniter->handleRequest()
 9 FCPATH/index.php(70): CodeIgniter\CodeIgniter->run()
CRITICAL - 2023-11-20 07:21:12 --> Undefined array key 1
in APPPATH/Views/invoice.php on line 125.
 1 APPPATH/Views/invoice.php(125): CodeIgniter\Debug\Exceptions->errorHandler()
 2 SYSTEMPATH/View/View.php(224): include('/home/dduoydj7qm5c/public_html/nooruiaintrader.store/app/Views/invoice.php')
 3 SYSTEMPATH/View/View.php(227): CodeIgniter\View\View->CodeIgniter\View\{closure}()
 4 SYSTEMPATH/Common.php(1176): CodeIgniter\View\View->render()
 5 APPPATH/Controllers/Home.php(775): view()
 6 SYSTEMPATH/CodeIgniter.php(932): App\Controllers\Home->invoice()
 7 SYSTEMPATH/CodeIgniter.php(497): CodeIgniter\CodeIgniter->runController()
 8 SYSTEMPATH/CodeIgniter.php(366): CodeIgniter\CodeIgniter->handleRequest()
 9 FCPATH/index.php(70): CodeIgniter\CodeIgniter->run()
CRITICAL - 2023-11-20 07:22:43 --> Undefined array key 1
in APPPATH/Views/invoice.php on line 125.
 1 APPPATH/Views/invoice.php(125): CodeIgniter\Debug\Exceptions->errorHandler()
 2 SYSTEMPATH/View/View.php(224): include('/home/dduoydj7qm5c/public_html/nooruiaintrader.store/app/Views/invoice.php')
 3 SYSTEMPATH/View/View.php(227): CodeIgniter\View\View->CodeIgniter\View\{closure}()
 4 SYSTEMPATH/Common.php(1176): CodeIgniter\View\View->render()
 5 APPPATH/Controllers/Home.php(775): view()
 6 SYSTEMPATH/CodeIgniter.php(932): App\Controllers\Home->invoice()
 7 SYSTEMPATH/CodeIgniter.php(497): CodeIgniter\CodeIgniter->runController()
 8 SYSTEMPATH/CodeIgniter.php(366): CodeIgniter\CodeIgniter->handleRequest()
 9 FCPATH/index.php(70): CodeIgniter\CodeIgniter->run()
CRITICAL - 2023-11-20 07:22:45 --> Undefined array key 1
in APPPATH/Views/invoice.php on line 125.
 1 APPPATH/Views/invoice.php(125): CodeIgniter\Debug\Exceptions->errorHandler()
 2 SYSTEMPATH/View/View.php(224): include('/home/dduoydj7qm5c/public_html/nooruiaintrader.store/app/Views/invoice.php')
 3 SYSTEMPATH/View/View.php(227): CodeIgniter\View\View->CodeIgniter\View\{closure}()
 4 SYSTEMPATH/Common.php(1176): CodeIgniter\View\View->render()
 5 APPPATH/Controllers/Home.php(775): view()
 6 SYSTEMPATH/CodeIgniter.php(932): App\Controllers\Home->invoice()
 7 SYSTEMPATH/CodeIgniter.php(497): CodeIgniter\CodeIgniter->runController()
 8 SYSTEMPATH/CodeIgniter.php(366): CodeIgniter\CodeIgniter->handleRequest()
 9 FCPATH/index.php(70): CodeIgniter\CodeIgniter->run()
CRITICAL - 2023-11-20 07:22:50 --> Undefined array key 1
in APPPATH/Views/invoice.php on line 125.
 1 APPPATH/Views/invoice.php(125): CodeIgniter\Debug\Exceptions->errorHandler()
 2 SYSTEMPATH/View/View.php(224): include('/home/dduoydj7qm5c/public_html/nooruiaintrader.store/app/Views/invoice.php')
 3 SYSTEMPATH/View/View.php(227): CodeIgniter\View\View->CodeIgniter\View\{closure}()
 4 SYSTEMPATH/Common.php(1176): CodeIgniter\View\View->render()
 5 APPPATH/Controllers/Home.php(775): view()
 6 SYSTEMPATH/CodeIgniter.php(932): App\Controllers\Home->invoice()
 7 SYSTEMPATH/CodeIgniter.php(497): CodeIgniter\CodeIgniter->runController()
 8 SYSTEMPATH/CodeIgniter.php(366): CodeIgniter\CodeIgniter->handleRequest()
 9 FCPATH/index.php(70): CodeIgniter\CodeIgniter->run()
CRITICAL - 2023-11-20 07:23:20 --> Undefined array key 1
in APPPATH/Views/invoice.php on line 125.
 1 APPPATH/Views/invoice.php(125): CodeIgniter\Debug\Exceptions->errorHandler()
 2 SYSTEMPATH/View/View.php(224): include('/home/dduoydj7qm5c/public_html/nooruiaintrader.store/app/Views/invoice.php')
 3 SYSTEMPATH/View/View.php(227): CodeIgniter\View\View->CodeIgniter\View\{closure}()
 4 SYSTEMPATH/Common.php(1176): CodeIgniter\View\View->render()
 5 APPPATH/Controllers/Home.php(775): view()
 6 SYSTEMPATH/CodeIgniter.php(932): App\Controllers\Home->invoice()
 7 SYSTEMPATH/CodeIgniter.php(497): CodeIgniter\CodeIgniter->runController()
 8 SYSTEMPATH/CodeIgniter.php(366): CodeIgniter\CodeIgniter->handleRequest()
 9 FCPATH/index.php(70): CodeIgniter\CodeIgniter->run()
CRITICAL - 2023-11-20 07:23:25 --> Undefined array key 1
in APPPATH/Views/invoice.php on line 125.
 1 APPPATH/Views/invoice.php(125): CodeIgniter\Debug\Exceptions->errorHandler()
 2 SYSTEMPATH/View/View.php(224): include('/home/dduoydj7qm5c/public_html/nooruiaintrader.store/app/Views/invoice.php')
 3 SYSTEMPATH/View/View.php(227): CodeIgniter\View\View->CodeIgniter\View\{closure}()
 4 SYSTEMPATH/Common.php(1176): CodeIgniter\View\View->render()
 5 APPPATH/Controllers/Home.php(775): view()
 6 SYSTEMPATH/CodeIgniter.php(932): App\Controllers\Home->invoice()
 7 SYSTEMPATH/CodeIgniter.php(497): CodeIgniter\CodeIgniter->runController()
 8 SYSTEMPATH/CodeIgniter.php(366): CodeIgniter\CodeIgniter->handleRequest()
 9 FCPATH/index.php(70): CodeIgniter\CodeIgniter->run()
CRITICAL - 2023-11-20 07:23:27 --> Undefined array key 1
in APPPATH/Views/invoice.php on line 125.
 1 APPPATH/Views/invoice.php(125): CodeIgniter\Debug\Exceptions->errorHandler()
 2 SYSTEMPATH/View/View.php(224): include('/home/dduoydj7qm5c/public_html/nooruiaintrader.store/app/Views/invoice.php')
 3 SYSTEMPATH/View/View.php(227): CodeIgniter\View\View->CodeIgniter\View\{closure}()
 4 SYSTEMPATH/Common.php(1176): CodeIgniter\View\View->render()
 5 APPPATH/Controllers/Home.php(775): view()
 6 SYSTEMPATH/CodeIgniter.php(932): App\Controllers\Home->invoice()
 7 SYSTEMPATH/CodeIgniter.php(497): CodeIgniter\CodeIgniter->runController()
 8 SYSTEMPATH/CodeIgniter.php(366): CodeIgniter\CodeIgniter->handleRequest()
 9 FCPATH/index.php(70): CodeIgniter\CodeIgniter->run()
CRITICAL - 2023-11-20 07:23:29 --> Undefined array key 1
in APPPATH/Views/invoice.php on line 125.
 1 APPPATH/Views/invoice.php(125): CodeIgniter\Debug\Exceptions->errorHandler()
 2 SYSTEMPATH/View/View.php(224): include('/home/dduoydj7qm5c/public_html/nooruiaintrader.store/app/Views/invoice.php')
 3 SYSTEMPATH/View/View.php(227): CodeIgniter\View\View->CodeIgniter\View\{closure}()
 4 SYSTEMPATH/Common.php(1176): CodeIgniter\View\View->render()
 5 APPPATH/Controllers/Home.php(775): view()
 6 SYSTEMPATH/CodeIgniter.php(932): App\Controllers\Home->invoice()
 7 SYSTEMPATH/CodeIgniter.php(497): CodeIgniter\CodeIgniter->runController()
 8 SYSTEMPATH/CodeIgniter.php(366): CodeIgniter\CodeIgniter->handleRequest()
 9 FCPATH/index.php(70): CodeIgniter\CodeIgniter->run()
CRITICAL - 2023-11-20 07:23:32 --> Undefined array key 1
in APPPATH/Views/invoice.php on line 125.
 1 APPPATH/Views/invoice.php(125): CodeIgniter\Debug\Exceptions->errorHandler()
 2 SYSTEMPATH/View/View.php(224): include('/home/dduoydj7qm5c/public_html/nooruiaintrader.store/app/Views/invoice.php')
 3 SYSTEMPATH/View/View.php(227): CodeIgniter\View\View->CodeIgniter\View\{closure}()
 4 SYSTEMPATH/Common.php(1176): CodeIgniter\View\View->render()
 5 APPPATH/Controllers/Home.php(775): view()
 6 SYSTEMPATH/CodeIgniter.php(932): App\Controllers\Home->invoice()
 7 SYSTEMPATH/CodeIgniter.php(497): CodeIgniter\CodeIgniter->runController()
 8 SYSTEMPATH/CodeIgniter.php(366): CodeIgniter\CodeIgniter->handleRequest()
 9 FCPATH/index.php(70): CodeIgniter\CodeIgniter->run()
CRITICAL - 2023-11-20 07:23:41 --> Undefined array key 1
in APPPATH/Views/invoice.php on line 125.
 1 APPPATH/Views/invoice.php(125): CodeIgniter\Debug\Exceptions->errorHandler()
 2 SYSTEMPATH/View/View.php(224): include('/home/dduoydj7qm5c/public_html/nooruiaintrader.store/app/Views/invoice.php')
 3 SYSTEMPATH/View/View.php(227): CodeIgniter\View\View->CodeIgniter\View\{closure}()
 4 SYSTEMPATH/Common.php(1176): CodeIgniter\View\View->render()
 5 APPPATH/Controllers/Home.php(775): view()
 6 SYSTEMPATH/CodeIgniter.php(932): App\Controllers\Home->invoice()
 7 SYSTEMPATH/CodeIgniter.php(497): CodeIgniter\CodeIgniter->runController()
 8 SYSTEMPATH/CodeIgniter.php(366): CodeIgniter\CodeIgniter->handleRequest()
 9 FCPATH/index.php(70): CodeIgniter\CodeIgniter->run()
CRITICAL - 2023-11-20 07:24:09 --> Undefined array key 1
in APPPATH/Views/invoice.php on line 125.
 1 APPPATH/Views/invoice.php(125): CodeIgniter\Debug\Exceptions->errorHandler()
 2 SYSTEMPATH/View/View.php(224): include('/home/dduoydj7qm5c/public_html/nooruiaintrader.store/app/Views/invoice.php')
 3 SYSTEMPATH/View/View.php(227): CodeIgniter\View\View->CodeIgniter\View\{closure}()
 4 SYSTEMPATH/Common.php(1176): CodeIgniter\View\View->render()
 5 APPPATH/Controllers/Home.php(775): view()
 6 SYSTEMPATH/CodeIgniter.php(932): App\Controllers\Home->invoice()
 7 SYSTEMPATH/CodeIgniter.php(497): CodeIgniter\CodeIgniter->runController()
 8 SYSTEMPATH/CodeIgniter.php(366): CodeIgniter\CodeIgniter->handleRequest()
 9 FCPATH/index.php(70): CodeIgniter\CodeIgniter->run()
CRITICAL - 2023-11-20 07:24:11 --> Undefined array key 1
in APPPATH/Views/invoice.php on line 125.
 1 APPPATH/Views/invoice.php(125): CodeIgniter\Debug\Exceptions->errorHandler()
 2 SYSTEMPATH/View/View.php(224): include('/home/dduoydj7qm5c/public_html/nooruiaintrader.store/app/Views/invoice.php')
 3 SYSTEMPATH/View/View.php(227): CodeIgniter\View\View->CodeIgniter\View\{closure}()
 4 SYSTEMPATH/Common.php(1176): CodeIgniter\View\View->render()
 5 APPPATH/Controllers/Home.php(775): view()
 6 SYSTEMPATH/CodeIgniter.php(932): App\Controllers\Home->invoice()
 7 SYSTEMPATH/CodeIgniter.php(497): CodeIgniter\CodeIgniter->runController()
 8 SYSTEMPATH/CodeIgniter.php(366): CodeIgniter\CodeIgniter->handleRequest()
 9 FCPATH/index.php(70): CodeIgniter\CodeIgniter->run()
CRITICAL - 2023-11-20 07:24:13 --> Undefined array key 1
in APPPATH/Views/invoice.php on line 125.
 1 APPPATH/Views/invoice.php(125): CodeIgniter\Debug\Exceptions->errorHandler()
 2 SYSTEMPATH/View/View.php(224): include('/home/dduoydj7qm5c/public_html/nooruiaintrader.store/app/Views/invoice.php')
 3 SYSTEMPATH/View/View.php(227): CodeIgniter\View\View->CodeIgniter\View\{closure}()
 4 SYSTEMPATH/Common.php(1176): CodeIgniter\View\View->render()
 5 APPPATH/Controllers/Home.php(775): view()
 6 SYSTEMPATH/CodeIgniter.php(932): App\Controllers\Home->invoice()
 7 SYSTEMPATH/CodeIgniter.php(497): CodeIgniter\CodeIgniter->runController()
 8 SYSTEMPATH/CodeIgniter.php(366): CodeIgniter\CodeIgniter->handleRequest()
 9 FCPATH/index.php(70): CodeIgniter\CodeIgniter->run()
CRITICAL - 2023-11-20 07:24:17 --> Undefined array key 1
in APPPATH/Views/invoice.php on line 125.
 1 APPPATH/Views/invoice.php(125): CodeIgniter\Debug\Exceptions->errorHandler()
 2 SYSTEMPATH/View/View.php(224): include('/home/dduoydj7qm5c/public_html/nooruiaintrader.store/app/Views/invoice.php')
 3 SYSTEMPATH/View/View.php(227): CodeIgniter\View\View->CodeIgniter\View\{closure}()
 4 SYSTEMPATH/Common.php(1176): CodeIgniter\View\View->render()
 5 APPPATH/Controllers/Home.php(775): view()
 6 SYSTEMPATH/CodeIgniter.php(932): App\Controllers\Home->invoice()
 7 SYSTEMPATH/CodeIgniter.php(497): CodeIgniter\CodeIgniter->runController()
 8 SYSTEMPATH/CodeIgniter.php(366): CodeIgniter\CodeIgniter->handleRequest()
 9 FCPATH/index.php(70): CodeIgniter\CodeIgniter->run()
CRITICAL - 2023-11-20 07:24:19 --> Undefined array key 1
in APPPATH/Views/invoice.php on line 125.
 1 APPPATH/Views/invoice.php(125): CodeIgniter\Debug\Exceptions->errorHandler()
 2 SYSTEMPATH/View/View.php(224): include('/home/dduoydj7qm5c/public_html/nooruiaintrader.store/app/Views/invoice.php')
 3 SYSTEMPATH/View/View.php(227): CodeIgniter\View\View->CodeIgniter\View\{closure}()
 4 SYSTEMPATH/Common.php(1176): CodeIgniter\View\View->render()
 5 APPPATH/Controllers/Home.php(775): view()
 6 SYSTEMPATH/CodeIgniter.php(932): App\Controllers\Home->invoice()
 7 SYSTEMPATH/CodeIgniter.php(497): CodeIgniter\CodeIgniter->runController()
 8 SYSTEMPATH/CodeIgniter.php(366): CodeIgniter\CodeIgniter->handleRequest()
 9 FCPATH/index.php(70): CodeIgniter\CodeIgniter->run()
CRITICAL - 2023-11-20 07:24:31 --> Undefined array key 1
in APPPATH/Views/invoice.php on line 125.
 1 APPPATH/Views/invoice.php(125): CodeIgniter\Debug\Exceptions->errorHandler()
 2 SYSTEMPATH/View/View.php(224): include('/home/dduoydj7qm5c/public_html/nooruiaintrader.store/app/Views/invoice.php')
 3 SYSTEMPATH/View/View.php(227): CodeIgniter\View\View->CodeIgniter\View\{closure}()
 4 SYSTEMPATH/Common.php(1176): CodeIgniter\View\View->render()
 5 APPPATH/Controllers/Home.php(775): view()
 6 SYSTEMPATH/CodeIgniter.php(932): App\Controllers\Home->invoice()
 7 SYSTEMPATH/CodeIgniter.php(497): CodeIgniter\CodeIgniter->runController()
 8 SYSTEMPATH/CodeIgniter.php(366): CodeIgniter\CodeIgniter->handleRequest()
 9 FCPATH/index.php(70): CodeIgniter\CodeIgniter->run()
CRITICAL - 2023-11-20 07:24:42 --> Undefined array key 1
in APPPATH/Views/invoice.php on line 125.
 1 APPPATH/Views/invoice.php(125): CodeIgniter\Debug\Exceptions->errorHandler()
 2 SYSTEMPATH/View/View.php(224): include('/home/dduoydj7qm5c/public_html/nooruiaintrader.store/app/Views/invoice.php')
 3 SYSTEMPATH/View/View.php(227): CodeIgniter\View\View->CodeIgniter\View\{closure}()
 4 SYSTEMPATH/Common.php(1176): CodeIgniter\View\View->render()
 5 APPPATH/Controllers/Home.php(775): view()
 6 SYSTEMPATH/CodeIgniter.php(932): App\Controllers\Home->invoice()
 7 SYSTEMPATH/CodeIgniter.php(497): CodeIgniter\CodeIgniter->runController()
 8 SYSTEMPATH/CodeIgniter.php(366): CodeIgniter\CodeIgniter->handleRequest()
 9 FCPATH/index.php(70): CodeIgniter\CodeIgniter->run()
CRITICAL - 2023-11-20 07:24:44 --> Undefined array key 1
in APPPATH/Views/invoice.php on line 125.
 1 APPPATH/Views/invoice.php(125): CodeIgniter\Debug\Exceptions->errorHandler()
 2 SYSTEMPATH/View/View.php(224): include('/home/dduoydj7qm5c/public_html/nooruiaintrader.store/app/Views/invoice.php')
 3 SYSTEMPATH/View/View.php(227): CodeIgniter\View\View->CodeIgniter\View\{closure}()
 4 SYSTEMPATH/Common.php(1176): CodeIgniter\View\View->render()
 5 APPPATH/Controllers/Home.php(775): view()
 6 SYSTEMPATH/CodeIgniter.php(932): App\Controllers\Home->invoice()
 7 SYSTEMPATH/CodeIgniter.php(497): CodeIgniter\CodeIgniter->runController()
 8 SYSTEMPATH/CodeIgniter.php(366): CodeIgniter\CodeIgniter->handleRequest()
 9 FCPATH/index.php(70): CodeIgniter\CodeIgniter->run()
CRITICAL - 2023-11-20 07:24:51 --> Undefined array key 1
in APPPATH/Views/invoice.php on line 125.
 1 APPPATH/Views/invoice.php(125): CodeIgniter\Debug\Exceptions->errorHandler()
 2 SYSTEMPATH/View/View.php(224): include('/home/dduoydj7qm5c/public_html/nooruiaintrader.store/app/Views/invoice.php')
 3 SYSTEMPATH/View/View.php(227): CodeIgniter\View\View->CodeIgniter\View\{closure}()
 4 SYSTEMPATH/Common.php(1176): CodeIgniter\View\View->render()
 5 APPPATH/Controllers/Home.php(775): view()
 6 SYSTEMPATH/CodeIgniter.php(932): App\Controllers\Home->invoice()
 7 SYSTEMPATH/CodeIgniter.php(497): CodeIgniter\CodeIgniter->runController()
 8 SYSTEMPATH/CodeIgniter.php(366): CodeIgniter\CodeIgniter->handleRequest()
 9 FCPATH/index.php(70): CodeIgniter\CodeIgniter->run()
CRITICAL - 2023-11-20 07:24:54 --> Undefined array key 1
in APPPATH/Views/invoice.php on line 125.
 1 APPPATH/Views/invoice.php(125): CodeIgniter\Debug\Exceptions->errorHandler()
 2 SYSTEMPATH/View/View.php(224): include('/home/dduoydj7qm5c/public_html/nooruiaintrader.store/app/Views/invoice.php')
 3 SYSTEMPATH/View/View.php(227): CodeIgniter\View\View->CodeIgniter\View\{closure}()
 4 SYSTEMPATH/Common.php(1176): CodeIgniter\View\View->render()
 5 APPPATH/Controllers/Home.php(775): view()
 6 SYSTEMPATH/CodeIgniter.php(932): App\Controllers\Home->invoice()
 7 SYSTEMPATH/CodeIgniter.php(497): CodeIgniter\CodeIgniter->runController()
 8 SYSTEMPATH/CodeIgniter.php(366): CodeIgniter\CodeIgniter->handleRequest()
 9 FCPATH/index.php(70): CodeIgniter\CodeIgniter->run()
CRITICAL - 2023-11-20 07:37:16 --> Call to a member function getResult() on bool
in APPPATH/Models/UserModel.php on line 248.
 1 APPPATH/Controllers/Home.php(749): App\Models\UserModel->copytable()
 2 SYSTEMPATH/CodeIgniter.php(932): App\Controllers\Home->copytable()
 3 SYSTEMPATH/CodeIgniter.php(497): CodeIgniter\CodeIgniter->runController()
 4 SYSTEMPATH/CodeIgniter.php(366): CodeIgniter\CodeIgniter->handleRequest()
 5 FCPATH/index.php(70): CodeIgniter\CodeIgniter->run()
CRITICAL - 2023-11-20 07:58:24 --> Call to a member function getResult() on bool
in APPPATH/Models/UserModel.php on line 248.
 1 APPPATH/Controllers/Home.php(749): App\Models\UserModel->copytable()
 2 SYSTEMPATH/CodeIgniter.php(932): App\Controllers\Home->copytable()
 3 SYSTEMPATH/CodeIgniter.php(497): CodeIgniter\CodeIgniter->runController()
 4 SYSTEMPATH/CodeIgniter.php(366): CodeIgniter\CodeIgniter->handleRequest()
 5 FCPATH/index.php(70): CodeIgniter\CodeIgniter->run()
CRITICAL - 2023-11-20 08:34:20 --> Call to a member function getResult() on bool
in APPPATH/Models/UserModel.php on line 248.
 1 APPPATH/Controllers/Home.php(749): App\Models\UserModel->copytable()
 2 SYSTEMPATH/CodeIgniter.php(932): App\Controllers\Home->copytable()
 3 SYSTEMPATH/CodeIgniter.php(497): CodeIgniter\CodeIgniter->runController()
 4 SYSTEMPATH/CodeIgniter.php(366): CodeIgniter\CodeIgniter->handleRequest()
 5 FCPATH/index.php(70): CodeIgniter\CodeIgniter->run()
CRITICAL - 2023-11-20 08:36:42 --> Call to a member function getResult() on bool
in APPPATH/Models/UserModel.php on line 248.
 1 APPPATH/Controllers/Home.php(749): App\Models\UserModel->copytable()
 2 SYSTEMPATH/CodeIgniter.php(932): App\Controllers\Home->copytable()
 3 SYSTEMPATH/CodeIgniter.php(497): CodeIgniter\CodeIgniter->runController()
 4 SYSTEMPATH/CodeIgniter.php(366): CodeIgniter\CodeIgniter->handleRequest()
 5 FCPATH/index.php(70): CodeIgniter\CodeIgniter->run()
CRITICAL - 2023-11-20 08:49:36 --> Call to a member function getResult() on bool
in APPPATH/Models/UserModel.php on line 248.
 1 APPPATH/Controllers/Home.php(749): App\Models\UserModel->copytable()
 2 SYSTEMPATH/CodeIgniter.php(932): App\Controllers\Home->copytable()
 3 SYSTEMPATH/CodeIgniter.php(497): CodeIgniter\CodeIgniter->runController()
 4 SYSTEMPATH/CodeIgniter.php(366): CodeIgniter\CodeIgniter->handleRequest()
 5 FCPATH/index.php(70): CodeIgniter\CodeIgniter->run()
CRITICAL - 2023-11-20 09:08:38 --> Call to a member function getResult() on bool
in APPPATH/Models/UserModel.php on line 248.
 1 APPPATH/Controllers/Home.php(749): App\Models\UserModel->copytable()
 2 SYSTEMPATH/CodeIgniter.php(932): App\Controllers\Home->copytable()
 3 SYSTEMPATH/CodeIgniter.php(497): CodeIgniter\CodeIgniter->runController()
 4 SYSTEMPATH/CodeIgniter.php(366): CodeIgniter\CodeIgniter->handleRequest()
 5 FCPATH/index.php(70): CodeIgniter\CodeIgniter->run()
CRITICAL - 2023-11-20 09:17:38 --> Call to a member function getResult() on bool
in APPPATH/Models/UserModel.php on line 248.
 1 APPPATH/Controllers/Home.php(749): App\Models\UserModel->copytable()
 2 SYSTEMPATH/CodeIgniter.php(932): App\Controllers\Home->copytable()
 3 SYSTEMPATH/CodeIgniter.php(497): CodeIgniter\CodeIgniter->runController()
 4 SYSTEMPATH/CodeIgniter.php(366): CodeIgniter\CodeIgniter->handleRequest()
 5 FCPATH/index.php(70): CodeIgniter\CodeIgniter->run()
CRITICAL - 2023-11-20 10:04:24 --> Call to a member function getResult() on bool
in APPPATH/Models/UserModel.php on line 248.
 1 APPPATH/Controllers/Home.php(749): App\Models\UserModel->copytable()
 2 SYSTEMPATH/CodeIgniter.php(932): App\Controllers\Home->copytable()
 3 SYSTEMPATH/CodeIgniter.php(497): CodeIgniter\CodeIgniter->runController()
 4 SYSTEMPATH/CodeIgniter.php(366): CodeIgniter\CodeIgniter->handleRequest()
 5 FCPATH/index.php(70): CodeIgniter\CodeIgniter->run()
CRITICAL - 2023-11-20 10:12:24 --> Call to a member function getResult() on bool
in APPPATH/Models/UserModel.php on line 248.
 1 APPPATH/Controllers/Home.php(749): App\Models\UserModel->copytable()
 2 SYSTEMPATH/CodeIgniter.php(932): App\Controllers\Home->copytable()
 3 SYSTEMPATH/CodeIgniter.php(497): CodeIgniter\CodeIgniter->runController()
 4 SYSTEMPATH/CodeIgniter.php(366): CodeIgniter\CodeIgniter->handleRequest()
 5 FCPATH/index.php(70): CodeIgniter\CodeIgniter->run()
CRITICAL - 2023-11-20 10:25:48 --> Call to a member function getResult() on bool
in APPPATH/Models/UserModel.php on line 248.
 1 APPPATH/Controllers/Home.php(749): App\Models\UserModel->copytable()
 2 SYSTEMPATH/CodeIgniter.php(932): App\Controllers\Home->copytable()
 3 SYSTEMPATH/CodeIgniter.php(497): CodeIgniter\CodeIgniter->runController()
 4 SYSTEMPATH/CodeIgniter.php(366): CodeIgniter\CodeIgniter->handleRequest()
 5 FCPATH/index.php(70): CodeIgniter\CodeIgniter->run()
CRITICAL - 2023-11-20 10:53:47 --> Call to a member function getResult() on bool
in APPPATH/Models/UserModel.php on line 248.
 1 APPPATH/Controllers/Home.php(749): App\Models\UserModel->copytable()
 2 SYSTEMPATH/CodeIgniter.php(932): App\Controllers\Home->copytable()
 3 SYSTEMPATH/CodeIgniter.php(497): CodeIgniter\CodeIgniter->runController()
 4 SYSTEMPATH/CodeIgniter.php(366): CodeIgniter\CodeIgniter->handleRequest()
 5 FCPATH/index.php(70): CodeIgniter\CodeIgniter->run()
CRITICAL - 2023-11-20 11:20:08 --> Call to a member function getResult() on bool
in APPPATH/Models/UserModel.php on line 248.
 1 APPPATH/Controllers/Home.php(749): App\Models\UserModel->copytable()
 2 SYSTEMPATH/CodeIgniter.php(932): App\Controllers\Home->copytable()
 3 SYSTEMPATH/CodeIgniter.php(497): CodeIgniter\CodeIgniter->runController()
 4 SYSTEMPATH/CodeIgniter.php(366): CodeIgniter\CodeIgniter->handleRequest()
 5 FCPATH/index.php(70): CodeIgniter\CodeIgniter->run()
CRITICAL - 2023-11-20 11:32:34 --> Call to a member function getResult() on bool
in APPPATH/Models/UserModel.php on line 248.
 1 APPPATH/Controllers/Home.php(749): App\Models\UserModel->copytable()
 2 SYSTEMPATH/CodeIgniter.php(932): App\Controllers\Home->copytable()
 3 SYSTEMPATH/CodeIgniter.php(497): CodeIgniter\CodeIgniter->runController()
 4 SYSTEMPATH/CodeIgniter.php(366): CodeIgniter\CodeIgniter->handleRequest()
 5 FCPATH/index.php(70): CodeIgniter\CodeIgniter->run()
CRITICAL - 2023-11-20 11:50:39 --> Call to a member function getResult() on bool
in APPPATH/Models/UserModel.php on line 248.
 1 APPPATH/Controllers/Home.php(749): App\Models\UserModel->copytable()
 2 SYSTEMPATH/CodeIgniter.php(932): App\Controllers\Home->copytable()
 3 SYSTEMPATH/CodeIgniter.php(497): CodeIgniter\CodeIgniter->runController()
 4 SYSTEMPATH/CodeIgniter.php(366): CodeIgniter\CodeIgniter->handleRequest()
 5 FCPATH/index.php(70): CodeIgniter\CodeIgniter->run()
CRITICAL - 2023-11-20 11:52:04 --> Call to a member function getResult() on bool
in APPPATH/Models/UserModel.php on line 248.
 1 APPPATH/Controllers/Home.php(749): App\Models\UserModel->copytable()
 2 SYSTEMPATH/CodeIgniter.php(932): App\Controllers\Home->copytable()
 3 SYSTEMPATH/CodeIgniter.php(497): CodeIgniter\CodeIgniter->runController()
 4 SYSTEMPATH/CodeIgniter.php(366): CodeIgniter\CodeIgniter->handleRequest()
 5 FCPATH/index.php(70): CodeIgniter\CodeIgniter->run()
CRITICAL - 2023-11-20 11:56:41 --> Call to a member function getResult() on bool
in APPPATH/Models/UserModel.php on line 248.
 1 APPPATH/Controllers/Home.php(749): App\Models\UserModel->copytable()
 2 SYSTEMPATH/CodeIgniter.php(932): App\Controllers\Home->copytable()
 3 SYSTEMPATH/CodeIgniter.php(497): CodeIgniter\CodeIgniter->runController()
 4 SYSTEMPATH/CodeIgniter.php(366): CodeIgniter\CodeIgniter->handleRequest()
 5 FCPATH/index.php(70): CodeIgniter\CodeIgniter->run()
CRITICAL - 2023-11-20 12:08:23 --> Call to a member function getResult() on bool
in APPPATH/Models/UserModel.php on line 248.
 1 APPPATH/Controllers/Home.php(749): App\Models\UserModel->copytable()
 2 SYSTEMPATH/CodeIgniter.php(932): App\Controllers\Home->copytable()
 3 SYSTEMPATH/CodeIgniter.php(497): CodeIgniter\CodeIgniter->runController()
 4 SYSTEMPATH/CodeIgniter.php(366): CodeIgniter\CodeIgniter->handleRequest()
 5 FCPATH/index.php(70): CodeIgniter\CodeIgniter->run()
CRITICAL - 2023-11-20 12:10:43 --> Call to a member function getResult() on bool
in APPPATH/Models/UserModel.php on line 248.
 1 APPPATH/Controllers/Home.php(749): App\Models\UserModel->copytable()
 2 SYSTEMPATH/CodeIgniter.php(932): App\Controllers\Home->copytable()
 3 SYSTEMPATH/CodeIgniter.php(497): CodeIgniter\CodeIgniter->runController()
 4 SYSTEMPATH/CodeIgniter.php(366): CodeIgniter\CodeIgniter->handleRequest()
 5 FCPATH/index.php(70): CodeIgniter\CodeIgniter->run()
CRITICAL - 2023-11-20 14:13:20 --> Call to a member function getResult() on bool
in APPPATH/Models/UserModel.php on line 248.
 1 APPPATH/Controllers/Home.php(749): App\Models\UserModel->copytable()
 2 SYSTEMPATH/CodeIgniter.php(932): App\Controllers\Home->copytable()
 3 SYSTEMPATH/CodeIgniter.php(497): CodeIgniter\CodeIgniter->runController()
 4 SYSTEMPATH/CodeIgniter.php(366): CodeIgniter\CodeIgniter->handleRequest()
 5 FCPATH/index.php(70): CodeIgniter\CodeIgniter->run()
