CRITICAL - 2023-11-15 04:18:16 --> Call to a member function getResult() on bool
in APPPATH/Models/UserModel.php on line 247.
 1 APPPATH/Controllers/Home.php(707): App\Models\UserModel->copytable('100015')
 2 SYSTEMPATH/CodeIgniter.php(932): App\Controllers\Home->copytable()
 3 SYSTEMPATH/CodeIgniter.php(497): CodeIgniter\CodeIgniter->runController(Object(App\Controllers\Home))
 4 SYSTEMPATH/CodeIgniter.php(366): CodeIgniter\CodeIgniter->handleRequest(null, Object(Config\Cache), false)
 5 FCPATH/index.php(70): CodeIgniter\CodeIgniter->run()
CRITICAL - 2023-11-15 05:04:44 --> Call to a member function getResult() on bool
in APPPATH/Models/UserModel.php on line 247.
 1 APPPATH/Controllers/Home.php(707): App\Models\UserModel->copytable('100016')
 2 SYSTEMPATH/CodeIgniter.php(932): App\Controllers\Home->copytable()
 3 SYSTEMPATH/CodeIgniter.php(497): CodeIgniter\CodeIgniter->runController(Object(App\Controllers\Home))
 4 SYSTEMPATH/CodeIgniter.php(366): CodeIgniter\CodeIgniter->handleRequest(null, Object(Config\Cache), false)
 5 FCPATH/index.php(70): CodeIgniter\CodeIgniter->run()
CRITICAL - 2023-11-15 05:41:10 --> Call to a member function getResult() on bool
in APPPATH/Models/UserModel.php on line 247.
 1 APPPATH/Controllers/Home.php(707): App\Models\UserModel->copytable('100017')
 2 SYSTEMPATH/CodeIgniter.php(932): App\Controllers\Home->copytable()
 3 SYSTEMPATH/CodeIgniter.php(497): CodeIgniter\CodeIgniter->runController(Object(App\Controllers\Home))
 4 SYSTEMPATH/CodeIgniter.php(366): CodeIgniter\CodeIgniter->handleRequest(null, Object(Config\Cache), false)
 5 FCPATH/index.php(70): CodeIgniter\CodeIgniter->run()
CRITICAL - 2023-11-15 06:24:00 --> Call to a member function getResult() on bool
in APPPATH/Models/UserModel.php on line 247.
 1 APPPATH/Controllers/Home.php(707): App\Models\UserModel->copytable('100018')
 2 SYSTEMPATH/CodeIgniter.php(932): App\Controllers\Home->copytable()
 3 SYSTEMPATH/CodeIgniter.php(497): CodeIgniter\CodeIgniter->runController(Object(App\Controllers\Home))
 4 SYSTEMPATH/CodeIgniter.php(366): CodeIgniter\CodeIgniter->handleRequest(null, Object(Config\Cache), false)
 5 FCPATH/index.php(70): CodeIgniter\CodeIgniter->run()
CRITICAL - 2023-11-15 11:32:46 --> Too few arguments to function App\Models\UserModel::getTodayData(), 0 passed in /home/dduoydj7qm5c/nooruiaintrader.store/app/Controllers/Home.php on line 84 and exactly 1 expected
in APPPATH/Models/UserModel.php on line 293.
 1 APPPATH/Controllers/Home.php(84): App\Models\UserModel->getTodayData()
 2 SYSTEMPATH/CodeIgniter.php(932): App\Controllers\Home->dashboard()
 3 SYSTEMPATH/CodeIgniter.php(497): CodeIgniter\CodeIgniter->runController(Object(App\Controllers\Home))
 4 SYSTEMPATH/CodeIgniter.php(366): CodeIgniter\CodeIgniter->handleRequest(null, Object(Config\Cache), false)
 5 FCPATH/index.php(70): CodeIgniter\CodeIgniter->run()
CRITICAL - 2023-11-15 06:38:06 --> Call to a member function getResult() on bool
in APPPATH/Models/UserModel.php on line 247.
 1 APPPATH/Controllers/Home.php(707): App\Models\UserModel->copytable('100019')
 2 SYSTEMPATH/CodeIgniter.php(932): App\Controllers\Home->copytable()
 3 SYSTEMPATH/CodeIgniter.php(497): CodeIgniter\CodeIgniter->runController(Object(App\Controllers\Home))
 4 SYSTEMPATH/CodeIgniter.php(366): CodeIgniter\CodeIgniter->handleRequest(null, Object(Config\Cache), false)
 5 FCPATH/index.php(70): CodeIgniter\CodeIgniter->run()
CRITICAL - 2023-11-15 06:42:00 --> Call to a member function getResult() on bool
in APPPATH/Models/UserModel.php on line 247.
 1 APPPATH/Controllers/Home.php(707): App\Models\UserModel->copytable('100020')
 2 SYSTEMPATH/CodeIgniter.php(932): App\Controllers\Home->copytable()
 3 SYSTEMPATH/CodeIgniter.php(497): CodeIgniter\CodeIgniter->runController(Object(App\Controllers\Home))
 4 SYSTEMPATH/CodeIgniter.php(366): CodeIgniter\CodeIgniter->handleRequest(null, Object(Config\Cache), false)
 5 FCPATH/index.php(70): CodeIgniter\CodeIgniter->run()
CRITICAL - 2023-11-15 06:53:42 --> Call to a member function getResult() on bool
in APPPATH/Models/UserModel.php on line 247.
 1 APPPATH/Controllers/Home.php(707): App\Models\UserModel->copytable('100021')
 2 SYSTEMPATH/CodeIgniter.php(932): App\Controllers\Home->copytable()
 3 SYSTEMPATH/CodeIgniter.php(497): CodeIgniter\CodeIgniter->runController(Object(App\Controllers\Home))
 4 SYSTEMPATH/CodeIgniter.php(366): CodeIgniter\CodeIgniter->handleRequest(null, Object(Config\Cache), false)
 5 FCPATH/index.php(70): CodeIgniter\CodeIgniter->run()
CRITICAL - 2023-11-15 07:59:35 --> Call to a member function getResult() on bool
in APPPATH/Models/UserModel.php on line 247.
 1 APPPATH/Controllers/Home.php(707): App\Models\UserModel->copytable('100022')
 2 SYSTEMPATH/CodeIgniter.php(932): App\Controllers\Home->copytable()
 3 SYSTEMPATH/CodeIgniter.php(497): CodeIgniter\CodeIgniter->runController(Object(App\Controllers\Home))
 4 SYSTEMPATH/CodeIgniter.php(366): CodeIgniter\CodeIgniter->handleRequest(null, Object(Config\Cache), false)
 5 FCPATH/index.php(70): CodeIgniter\CodeIgniter->run()
CRITICAL - 2023-11-15 08:07:13 --> Call to a member function getResult() on bool
in APPPATH/Models/UserModel.php on line 247.
 1 APPPATH/Controllers/Home.php(707): App\Models\UserModel->copytable('100023')
 2 SYSTEMPATH/CodeIgniter.php(932): App\Controllers\Home->copytable()
 3 SYSTEMPATH/CodeIgniter.php(497): CodeIgniter\CodeIgniter->runController(Object(App\Controllers\Home))
 4 SYSTEMPATH/CodeIgniter.php(366): CodeIgniter\CodeIgniter->handleRequest(null, Object(Config\Cache), false)
 5 FCPATH/index.php(70): CodeIgniter\CodeIgniter->run()
CRITICAL - 2023-11-15 08:26:49 --> Call to a member function getResult() on bool
in APPPATH/Models/UserModel.php on line 247.
 1 APPPATH/Controllers/Home.php(707): App\Models\UserModel->copytable('100024')
 2 SYSTEMPATH/CodeIgniter.php(932): App\Controllers\Home->copytable()
 3 SYSTEMPATH/CodeIgniter.php(497): CodeIgniter\CodeIgniter->runController(Object(App\Controllers\Home))
 4 SYSTEMPATH/CodeIgniter.php(366): CodeIgniter\CodeIgniter->handleRequest(null, Object(Config\Cache), false)
 5 FCPATH/index.php(70): CodeIgniter\CodeIgniter->run()
CRITICAL - 2023-11-15 08:40:14 --> Call to a member function getResult() on bool
in APPPATH/Models/UserModel.php on line 247.
 1 APPPATH/Controllers/Home.php(707): App\Models\UserModel->copytable('100025')
 2 SYSTEMPATH/CodeIgniter.php(932): App\Controllers\Home->copytable()
 3 SYSTEMPATH/CodeIgniter.php(497): CodeIgniter\CodeIgniter->runController(Object(App\Controllers\Home))
 4 SYSTEMPATH/CodeIgniter.php(366): CodeIgniter\CodeIgniter->handleRequest(null, Object(Config\Cache), false)
 5 FCPATH/index.php(70): CodeIgniter\CodeIgniter->run()
CRITICAL - 2023-11-15 08:59:46 --> Call to a member function getResult() on bool
in APPPATH/Models/UserModel.php on line 247.
 1 APPPATH/Controllers/Home.php(707): App\Models\UserModel->copytable('100026')
 2 SYSTEMPATH/CodeIgniter.php(932): App\Controllers\Home->copytable()
 3 SYSTEMPATH/CodeIgniter.php(497): CodeIgniter\CodeIgniter->runController(Object(App\Controllers\Home))
 4 SYSTEMPATH/CodeIgniter.php(366): CodeIgniter\CodeIgniter->handleRequest(null, Object(Config\Cache), false)
 5 FCPATH/index.php(70): CodeIgniter\CodeIgniter->run()
CRITICAL - 2023-11-15 09:23:32 --> Call to a member function getResult() on bool
in APPPATH/Models/UserModel.php on line 247.
 1 APPPATH/Controllers/Home.php(707): App\Models\UserModel->copytable('100027')
 2 SYSTEMPATH/CodeIgniter.php(932): App\Controllers\Home->copytable()
 3 SYSTEMPATH/CodeIgniter.php(497): CodeIgniter\CodeIgniter->runController(Object(App\Controllers\Home))
 4 SYSTEMPATH/CodeIgniter.php(366): CodeIgniter\CodeIgniter->handleRequest(null, Object(Config\Cache), false)
 5 FCPATH/index.php(70): CodeIgniter\CodeIgniter->run()
CRITICAL - 2023-11-15 09:55:13 --> Call to a member function getResult() on bool
in APPPATH/Models/UserModel.php on line 247.
 1 APPPATH/Controllers/Home.php(707): App\Models\UserModel->copytable('100028')
 2 SYSTEMPATH/CodeIgniter.php(932): App\Controllers\Home->copytable()
 3 SYSTEMPATH/CodeIgniter.php(497): CodeIgniter\CodeIgniter->runController(Object(App\Controllers\Home))
 4 SYSTEMPATH/CodeIgniter.php(366): CodeIgniter\CodeIgniter->handleRequest(null, Object(Config\Cache), false)
 5 FCPATH/index.php(70): CodeIgniter\CodeIgniter->run()
CRITICAL - 2023-11-15 10:32:53 --> Call to a member function getResult() on bool
in APPPATH/Models/UserModel.php on line 247.
 1 APPPATH/Controllers/Home.php(707): App\Models\UserModel->copytable('100029')
 2 SYSTEMPATH/CodeIgniter.php(932): App\Controllers\Home->copytable()
 3 SYSTEMPATH/CodeIgniter.php(497): CodeIgniter\CodeIgniter->runController(Object(App\Controllers\Home))
 4 SYSTEMPATH/CodeIgniter.php(366): CodeIgniter\CodeIgniter->handleRequest(null, Object(Config\Cache), false)
 5 FCPATH/index.php(70): CodeIgniter\CodeIgniter->run()
CRITICAL - 2023-11-15 10:50:52 --> Call to a member function getResult() on bool
in APPPATH/Models/UserModel.php on line 247.
 1 APPPATH/Controllers/Home.php(707): App\Models\UserModel->copytable('100030')
 2 SYSTEMPATH/CodeIgniter.php(932): App\Controllers\Home->copytable()
 3 SYSTEMPATH/CodeIgniter.php(497): CodeIgniter\CodeIgniter->runController(Object(App\Controllers\Home))
 4 SYSTEMPATH/CodeIgniter.php(366): CodeIgniter\CodeIgniter->handleRequest(null, Object(Config\Cache), false)
 5 FCPATH/index.php(70): CodeIgniter\CodeIgniter->run()
CRITICAL - 2023-11-15 10:55:21 --> Call to a member function getResult() on bool
in APPPATH/Models/UserModel.php on line 247.
 1 APPPATH/Controllers/Home.php(707): App\Models\UserModel->copytable('100031')
 2 SYSTEMPATH/CodeIgniter.php(932): App\Controllers\Home->copytable()
 3 SYSTEMPATH/CodeIgniter.php(497): CodeIgniter\CodeIgniter->runController(Object(App\Controllers\Home))
 4 SYSTEMPATH/CodeIgniter.php(366): CodeIgniter\CodeIgniter->handleRequest(null, Object(Config\Cache), false)
 5 FCPATH/index.php(70): CodeIgniter\CodeIgniter->run()
CRITICAL - 2023-11-15 11:25:34 --> Call to a member function getResult() on bool
in APPPATH/Models/UserModel.php on line 247.
 1 APPPATH/Controllers/Home.php(707): App\Models\UserModel->copytable('100032')
 2 SYSTEMPATH/CodeIgniter.php(932): App\Controllers\Home->copytable()
 3 SYSTEMPATH/CodeIgniter.php(497): CodeIgniter\CodeIgniter->runController(Object(App\Controllers\Home))
 4 SYSTEMPATH/CodeIgniter.php(366): CodeIgniter\CodeIgniter->handleRequest(null, Object(Config\Cache), false)
 5 FCPATH/index.php(70): CodeIgniter\CodeIgniter->run()
CRITICAL - 2023-11-15 11:34:17 --> Call to a member function getResult() on bool
in APPPATH/Models/UserModel.php on line 247.
 1 APPPATH/Controllers/Home.php(707): App\Models\UserModel->copytable('100033')
 2 SYSTEMPATH/CodeIgniter.php(932): App\Controllers\Home->copytable()
 3 SYSTEMPATH/CodeIgniter.php(497): CodeIgniter\CodeIgniter->runController(Object(App\Controllers\Home))
 4 SYSTEMPATH/CodeIgniter.php(366): CodeIgniter\CodeIgniter->handleRequest(null, Object(Config\Cache), false)
 5 FCPATH/index.php(70): CodeIgniter\CodeIgniter->run()
CRITICAL - 2023-11-15 11:55:03 --> Call to a member function getResult() on bool
in APPPATH/Models/UserModel.php on line 247.
 1 APPPATH/Controllers/Home.php(707): App\Models\UserModel->copytable('100034')
 2 SYSTEMPATH/CodeIgniter.php(932): App\Controllers\Home->copytable()
 3 SYSTEMPATH/CodeIgniter.php(497): CodeIgniter\CodeIgniter->runController(Object(App\Controllers\Home))
 4 SYSTEMPATH/CodeIgniter.php(366): CodeIgniter\CodeIgniter->handleRequest(null, Object(Config\Cache), false)
 5 FCPATH/index.php(70): CodeIgniter\CodeIgniter->run()
CRITICAL - 2023-11-15 12:10:53 --> Call to a member function getResult() on bool
in APPPATH/Models/UserModel.php on line 247.
 1 APPPATH/Controllers/Home.php(707): App\Models\UserModel->copytable('100035')
 2 SYSTEMPATH/CodeIgniter.php(932): App\Controllers\Home->copytable()
 3 SYSTEMPATH/CodeIgniter.php(497): CodeIgniter\CodeIgniter->runController(Object(App\Controllers\Home))
 4 SYSTEMPATH/CodeIgniter.php(366): CodeIgniter\CodeIgniter->handleRequest(null, Object(Config\Cache), false)
 5 FCPATH/index.php(70): CodeIgniter\CodeIgniter->run()
CRITICAL - 2023-11-15 12:28:37 --> Call to a member function getResult() on bool
in APPPATH/Models/UserModel.php on line 247.
 1 APPPATH/Controllers/Home.php(707): App\Models\UserModel->copytable('100036')
 2 SYSTEMPATH/CodeIgniter.php(932): App\Controllers\Home->copytable()
 3 SYSTEMPATH/CodeIgniter.php(497): CodeIgniter\CodeIgniter->runController(Object(App\Controllers\Home))
 4 SYSTEMPATH/CodeIgniter.php(366): CodeIgniter\CodeIgniter->handleRequest(null, Object(Config\Cache), false)
 5 FCPATH/index.php(70): CodeIgniter\CodeIgniter->run()
CRITICAL - 2023-11-15 12:44:44 --> Call to a member function getResult() on bool
in APPPATH/Models/UserModel.php on line 247.
 1 APPPATH/Controllers/Home.php(707): App\Models\UserModel->copytable('100037')
 2 SYSTEMPATH/CodeIgniter.php(932): App\Controllers\Home->copytable()
 3 SYSTEMPATH/CodeIgniter.php(497): CodeIgniter\CodeIgniter->runController(Object(App\Controllers\Home))
 4 SYSTEMPATH/CodeIgniter.php(366): CodeIgniter\CodeIgniter->handleRequest(null, Object(Config\Cache), false)
 5 FCPATH/index.php(70): CodeIgniter\CodeIgniter->run()
CRITICAL - 2023-11-15 12:56:39 --> Call to a member function getResult() on bool
in APPPATH/Models/UserModel.php on line 247.
 1 APPPATH/Controllers/Home.php(707): App\Models\UserModel->copytable('100038')
 2 SYSTEMPATH/CodeIgniter.php(932): App\Controllers\Home->copytable()
 3 SYSTEMPATH/CodeIgniter.php(497): CodeIgniter\CodeIgniter->runController(Object(App\Controllers\Home))
 4 SYSTEMPATH/CodeIgniter.php(366): CodeIgniter\CodeIgniter->handleRequest(null, Object(Config\Cache), false)
 5 FCPATH/index.php(70): CodeIgniter\CodeIgniter->run()
CRITICAL - 2023-11-15 13:11:09 --> Call to a member function getResult() on bool
in APPPATH/Models/UserModel.php on line 247.
 1 APPPATH/Controllers/Home.php(707): App\Models\UserModel->copytable('100039')
 2 SYSTEMPATH/CodeIgniter.php(932): App\Controllers\Home->copytable()
 3 SYSTEMPATH/CodeIgniter.php(497): CodeIgniter\CodeIgniter->runController(Object(App\Controllers\Home))
 4 SYSTEMPATH/CodeIgniter.php(366): CodeIgniter\CodeIgniter->handleRequest(null, Object(Config\Cache), false)
 5 FCPATH/index.php(70): CodeIgniter\CodeIgniter->run()
CRITICAL - 2023-11-15 13:17:21 --> Call to a member function getResult() on bool
in APPPATH/Models/UserModel.php on line 247.
 1 APPPATH/Controllers/Home.php(707): App\Models\UserModel->copytable('100040')
 2 SYSTEMPATH/CodeIgniter.php(932): App\Controllers\Home->copytable()
 3 SYSTEMPATH/CodeIgniter.php(497): CodeIgniter\CodeIgniter->runController(Object(App\Controllers\Home))
 4 SYSTEMPATH/CodeIgniter.php(366): CodeIgniter\CodeIgniter->handleRequest(null, Object(Config\Cache), false)
 5 FCPATH/index.php(70): CodeIgniter\CodeIgniter->run()
CRITICAL - 2023-11-15 13:39:50 --> Call to a member function getResult() on bool
in APPPATH/Models/UserModel.php on line 247.
 1 APPPATH/Controllers/Home.php(707): App\Models\UserModel->copytable('100041')
 2 SYSTEMPATH/CodeIgniter.php(932): App\Controllers\Home->copytable()
 3 SYSTEMPATH/CodeIgniter.php(497): CodeIgniter\CodeIgniter->runController(Object(App\Controllers\Home))
 4 SYSTEMPATH/CodeIgniter.php(366): CodeIgniter\CodeIgniter->handleRequest(null, Object(Config\Cache), false)
 5 FCPATH/index.php(70): CodeIgniter\CodeIgniter->run()
CRITICAL - 2023-11-15 13:56:39 --> Call to a member function getResult() on bool
in APPPATH/Models/UserModel.php on line 247.
 1 APPPATH/Controllers/Home.php(707): App\Models\UserModel->copytable('100042')
 2 SYSTEMPATH/CodeIgniter.php(932): App\Controllers\Home->copytable()
 3 SYSTEMPATH/CodeIgniter.php(497): CodeIgniter\CodeIgniter->runController(Object(App\Controllers\Home))
 4 SYSTEMPATH/CodeIgniter.php(366): CodeIgniter\CodeIgniter->handleRequest(null, Object(Config\Cache), false)
 5 FCPATH/index.php(70): CodeIgniter\CodeIgniter->run()
