CRITICAL - 2023-11-26 05:33:01 --> Call to a member function getResult() on bool
in APPPATH/Models/UserModel.php on line 248.
 1 APPPATH/Controllers/Home.php(778): App\Models\UserModel->copytable()
 2 SYSTEMPATH/CodeIgniter.php(932): App\Controllers\Home->copytable()
 3 SYSTEMPATH/CodeIgniter.php(497): CodeIgniter\CodeIgniter->runController()
 4 SYSTEMPATH/CodeIgniter.php(366): CodeIgniter\CodeIgniter->handleRequest()
 5 FCPATH/index.php(69): CodeIgniter\CodeIgniter->run()
CRITICAL - 2023-11-26 05:41:33 --> Call to a member function getResult() on bool
in APPPATH/Models/UserModel.php on line 248.
 1 APPPATH/Controllers/Home.php(778): App\Models\UserModel->copytable()
 2 SYSTEMPATH/CodeIgniter.php(932): App\Controllers\Home->copytable()
 3 SYSTEMPATH/CodeIgniter.php(497): CodeIgniter\CodeIgniter->runController()
 4 SYSTEMPATH/CodeIgniter.php(366): CodeIgniter\CodeIgniter->handleRequest()
 5 FCPATH/index.php(69): CodeIgniter\CodeIgniter->run()
CRITICAL - 2023-11-26 06:20:18 --> Call to a member function getResult() on bool
in APPPATH/Models/UserModel.php on line 248.
 1 APPPATH/Controllers/Home.php(778): App\Models\UserModel->copytable()
 2 SYSTEMPATH/CodeIgniter.php(932): App\Controllers\Home->copytable()
 3 SYSTEMPATH/CodeIgniter.php(497): CodeIgniter\CodeIgniter->runController()
 4 SYSTEMPATH/CodeIgniter.php(366): CodeIgniter\CodeIgniter->handleRequest()
 5 FCPATH/index.php(69): CodeIgniter\CodeIgniter->run()
CRITICAL - 2023-11-26 18:15:21 --> Call to a member function getResult() on bool
in APPPATH/Models/UserModel.php on line 248.
 1 APPPATH/Controllers/Home.php(778): App\Models\UserModel->copytable()
 2 SYSTEMPATH/CodeIgniter.php(932): App\Controllers\Home->copytable()
 3 SYSTEMPATH/CodeIgniter.php(497): CodeIgniter\CodeIgniter->runController()
 4 SYSTEMPATH/CodeIgniter.php(366): CodeIgniter\CodeIgniter->handleRequest()
 5 FCPATH/index.php(69): CodeIgniter\CodeIgniter->run()
