CRITICAL - 2023-11-25 04:52:39 --> Call to a member function getResult() on bool
in APPPATH/Models/UserModel.php on line 248.
 1 APPPATH/Controllers/Home.php(749): App\Models\UserModel->copytable()
 2 SYSTEMPATH/CodeIgniter.php(932): App\Controllers\Home->copytable()
 3 SYSTEMPATH/CodeIgniter.php(497): CodeIgniter\CodeIgniter->runController()
 4 SYSTEMPATH/CodeIgniter.php(366): CodeIgniter\CodeIgniter->handleRequest()
 5 FCPATH/index.php(69): CodeIgniter\CodeIgniter->run()
CRITICAL - 2023-11-25 04:53:49 --> Call to a member function getResult() on bool
in APPPATH/Models/UserModel.php on line 248.
 1 APPPATH/Controllers/Home.php(749): App\Models\UserModel->copytable()
 2 SYSTEMPATH/CodeIgniter.php(932): App\Controllers\Home->copytable()
 3 SYSTEMPATH/CodeIgniter.php(497): CodeIgniter\CodeIgniter->runController()
 4 SYSTEMPATH/CodeIgniter.php(366): CodeIgniter\CodeIgniter->handleRequest()
 5 FCPATH/index.php(69): CodeIgniter\CodeIgniter->run()
CRITICAL - 2023-11-25 05:13:30 --> Call to a member function getResult() on bool
in APPPATH/Models/UserModel.php on line 248.
 1 APPPATH/Controllers/Home.php(749): App\Models\UserModel->copytable()
 2 SYSTEMPATH/CodeIgniter.php(932): App\Controllers\Home->copytable()
 3 SYSTEMPATH/CodeIgniter.php(497): CodeIgniter\CodeIgniter->runController()
 4 SYSTEMPATH/CodeIgniter.php(366): CodeIgniter\CodeIgniter->handleRequest()
 5 FCPATH/index.php(69): CodeIgniter\CodeIgniter->run()
CRITICAL - 2023-11-25 05:20:31 --> Call to a member function getResult() on bool
in APPPATH/Models/UserModel.php on line 248.
 1 APPPATH/Controllers/Home.php(749): App\Models\UserModel->copytable()
 2 SYSTEMPATH/CodeIgniter.php(932): App\Controllers\Home->copytable()
 3 SYSTEMPATH/CodeIgniter.php(497): CodeIgniter\CodeIgniter->runController()
 4 SYSTEMPATH/CodeIgniter.php(366): CodeIgniter\CodeIgniter->handleRequest()
 5 FCPATH/index.php(69): CodeIgniter\CodeIgniter->run()
CRITICAL - 2023-11-25 05:34:23 --> Call to a member function getResult() on bool
in APPPATH/Models/UserModel.php on line 248.
 1 APPPATH/Controllers/Home.php(749): App\Models\UserModel->copytable()
 2 SYSTEMPATH/CodeIgniter.php(932): App\Controllers\Home->copytable()
 3 SYSTEMPATH/CodeIgniter.php(497): CodeIgniter\CodeIgniter->runController()
 4 SYSTEMPATH/CodeIgniter.php(366): CodeIgniter\CodeIgniter->handleRequest()
 5 FCPATH/index.php(69): CodeIgniter\CodeIgniter->run()
CRITICAL - 2023-11-25 05:52:52 --> Call to a member function getResult() on bool
in APPPATH/Models/UserModel.php on line 248.
 1 APPPATH/Controllers/Home.php(749): App\Models\UserModel->copytable()
 2 SYSTEMPATH/CodeIgniter.php(932): App\Controllers\Home->copytable()
 3 SYSTEMPATH/CodeIgniter.php(497): CodeIgniter\CodeIgniter->runController()
 4 SYSTEMPATH/CodeIgniter.php(366): CodeIgniter\CodeIgniter->handleRequest()
 5 FCPATH/index.php(69): CodeIgniter\CodeIgniter->run()
CRITICAL - 2023-11-25 06:05:51 --> Call to a member function getResult() on bool
in APPPATH/Models/UserModel.php on line 248.
 1 APPPATH/Controllers/Home.php(749): App\Models\UserModel->copytable()
 2 SYSTEMPATH/CodeIgniter.php(932): App\Controllers\Home->copytable()
 3 SYSTEMPATH/CodeIgniter.php(497): CodeIgniter\CodeIgniter->runController()
 4 SYSTEMPATH/CodeIgniter.php(366): CodeIgniter\CodeIgniter->handleRequest()
 5 FCPATH/index.php(69): CodeIgniter\CodeIgniter->run()
CRITICAL - 2023-11-25 06:12:38 --> Call to a member function getResult() on bool
in APPPATH/Models/UserModel.php on line 248.
 1 APPPATH/Controllers/Home.php(749): App\Models\UserModel->copytable()
 2 SYSTEMPATH/CodeIgniter.php(932): App\Controllers\Home->copytable()
 3 SYSTEMPATH/CodeIgniter.php(497): CodeIgniter\CodeIgniter->runController()
 4 SYSTEMPATH/CodeIgniter.php(366): CodeIgniter\CodeIgniter->handleRequest()
 5 FCPATH/index.php(69): CodeIgniter\CodeIgniter->run()
CRITICAL - 2023-11-25 06:12:38 --> Call to a member function getResult() on bool
in APPPATH/Models/UserModel.php on line 248.
 1 APPPATH/Controllers/Home.php(749): App\Models\UserModel->copytable()
 2 SYSTEMPATH/CodeIgniter.php(932): App\Controllers\Home->copytable()
 3 SYSTEMPATH/CodeIgniter.php(497): CodeIgniter\CodeIgniter->runController()
 4 SYSTEMPATH/CodeIgniter.php(366): CodeIgniter\CodeIgniter->handleRequest()
 5 FCPATH/index.php(69): CodeIgniter\CodeIgniter->run()
CRITICAL - 2023-11-25 06:24:03 --> Call to a member function getResult() on bool
in APPPATH/Models/UserModel.php on line 248.
 1 APPPATH/Controllers/Home.php(749): App\Models\UserModel->copytable()
 2 SYSTEMPATH/CodeIgniter.php(932): App\Controllers\Home->copytable()
 3 SYSTEMPATH/CodeIgniter.php(497): CodeIgniter\CodeIgniter->runController()
 4 SYSTEMPATH/CodeIgniter.php(366): CodeIgniter\CodeIgniter->handleRequest()
 5 FCPATH/index.php(69): CodeIgniter\CodeIgniter->run()
CRITICAL - 2023-11-25 06:33:33 --> Call to a member function getResult() on bool
in APPPATH/Models/UserModel.php on line 248.
 1 APPPATH/Controllers/Home.php(749): App\Models\UserModel->copytable()
 2 SYSTEMPATH/CodeIgniter.php(932): App\Controllers\Home->copytable()
 3 SYSTEMPATH/CodeIgniter.php(497): CodeIgniter\CodeIgniter->runController()
 4 SYSTEMPATH/CodeIgniter.php(366): CodeIgniter\CodeIgniter->handleRequest()
 5 FCPATH/index.php(69): CodeIgniter\CodeIgniter->run()
CRITICAL - 2023-11-25 06:48:23 --> Call to a member function getResult() on bool
in APPPATH/Models/UserModel.php on line 248.
 1 APPPATH/Controllers/Home.php(749): App\Models\UserModel->copytable()
 2 SYSTEMPATH/CodeIgniter.php(932): App\Controllers\Home->copytable()
 3 SYSTEMPATH/CodeIgniter.php(497): CodeIgniter\CodeIgniter->runController()
 4 SYSTEMPATH/CodeIgniter.php(366): CodeIgniter\CodeIgniter->handleRequest()
 5 FCPATH/index.php(69): CodeIgniter\CodeIgniter->run()
CRITICAL - 2023-11-25 07:18:09 --> Call to a member function getResult() on bool
in APPPATH/Models/UserModel.php on line 248.
 1 APPPATH/Controllers/Home.php(749): App\Models\UserModel->copytable()
 2 SYSTEMPATH/CodeIgniter.php(932): App\Controllers\Home->copytable()
 3 SYSTEMPATH/CodeIgniter.php(497): CodeIgniter\CodeIgniter->runController()
 4 SYSTEMPATH/CodeIgniter.php(366): CodeIgniter\CodeIgniter->handleRequest()
 5 FCPATH/index.php(69): CodeIgniter\CodeIgniter->run()
CRITICAL - 2023-11-25 07:25:09 --> Call to a member function getResult() on bool
in APPPATH/Models/UserModel.php on line 248.
 1 APPPATH/Controllers/Home.php(749): App\Models\UserModel->copytable()
 2 SYSTEMPATH/CodeIgniter.php(932): App\Controllers\Home->copytable()
 3 SYSTEMPATH/CodeIgniter.php(497): CodeIgniter\CodeIgniter->runController()
 4 SYSTEMPATH/CodeIgniter.php(366): CodeIgniter\CodeIgniter->handleRequest()
 5 FCPATH/index.php(69): CodeIgniter\CodeIgniter->run()
CRITICAL - 2023-11-25 07:51:56 --> Call to a member function getResult() on bool
in APPPATH/Models/UserModel.php on line 248.
 1 APPPATH/Controllers/Home.php(749): App\Models\UserModel->copytable()
 2 SYSTEMPATH/CodeIgniter.php(932): App\Controllers\Home->copytable()
 3 SYSTEMPATH/CodeIgniter.php(497): CodeIgniter\CodeIgniter->runController()
 4 SYSTEMPATH/CodeIgniter.php(366): CodeIgniter\CodeIgniter->handleRequest()
 5 FCPATH/index.php(69): CodeIgniter\CodeIgniter->run()
CRITICAL - 2023-11-25 08:18:06 --> Call to a member function getResult() on bool
in APPPATH/Models/UserModel.php on line 248.
 1 APPPATH/Controllers/Home.php(749): App\Models\UserModel->copytable()
 2 SYSTEMPATH/CodeIgniter.php(932): App\Controllers\Home->copytable()
 3 SYSTEMPATH/CodeIgniter.php(497): CodeIgniter\CodeIgniter->runController()
 4 SYSTEMPATH/CodeIgniter.php(366): CodeIgniter\CodeIgniter->handleRequest()
 5 FCPATH/index.php(69): CodeIgniter\CodeIgniter->run()
CRITICAL - 2023-11-25 08:44:10 --> Call to a member function getResult() on bool
in APPPATH/Models/UserModel.php on line 248.
 1 APPPATH/Controllers/Home.php(749): App\Models\UserModel->copytable()
 2 SYSTEMPATH/CodeIgniter.php(932): App\Controllers\Home->copytable()
 3 SYSTEMPATH/CodeIgniter.php(497): CodeIgniter\CodeIgniter->runController()
 4 SYSTEMPATH/CodeIgniter.php(366): CodeIgniter\CodeIgniter->handleRequest()
 5 FCPATH/index.php(69): CodeIgniter\CodeIgniter->run()
CRITICAL - 2023-11-25 09:04:37 --> Call to a member function getResult() on bool
in APPPATH/Models/UserModel.php on line 248.
 1 APPPATH/Controllers/Home.php(749): App\Models\UserModel->copytable()
 2 SYSTEMPATH/CodeIgniter.php(932): App\Controllers\Home->copytable()
 3 SYSTEMPATH/CodeIgniter.php(497): CodeIgniter\CodeIgniter->runController()
 4 SYSTEMPATH/CodeIgniter.php(366): CodeIgniter\CodeIgniter->handleRequest()
 5 FCPATH/index.php(69): CodeIgniter\CodeIgniter->run()
CRITICAL - 2023-11-25 09:33:48 --> Call to a member function getResult() on bool
in APPPATH/Models/UserModel.php on line 248.
 1 APPPATH/Controllers/Home.php(749): App\Models\UserModel->copytable()
 2 SYSTEMPATH/CodeIgniter.php(932): App\Controllers\Home->copytable()
 3 SYSTEMPATH/CodeIgniter.php(497): CodeIgniter\CodeIgniter->runController()
 4 SYSTEMPATH/CodeIgniter.php(366): CodeIgniter\CodeIgniter->handleRequest()
 5 FCPATH/index.php(69): CodeIgniter\CodeIgniter->run()
CRITICAL - 2023-11-25 10:26:31 --> Call to a member function getResult() on bool
in APPPATH/Models/UserModel.php on line 248.
 1 APPPATH/Controllers/Home.php(749): App\Models\UserModel->copytable()
 2 SYSTEMPATH/CodeIgniter.php(932): App\Controllers\Home->copytable()
 3 SYSTEMPATH/CodeIgniter.php(497): CodeIgniter\CodeIgniter->runController()
 4 SYSTEMPATH/CodeIgniter.php(366): CodeIgniter\CodeIgniter->handleRequest()
 5 FCPATH/index.php(69): CodeIgniter\CodeIgniter->run()
CRITICAL - 2023-11-25 10:51:07 --> Call to a member function getResult() on bool
in APPPATH/Models/UserModel.php on line 248.
 1 APPPATH/Controllers/Home.php(749): App\Models\UserModel->copytable()
 2 SYSTEMPATH/CodeIgniter.php(932): App\Controllers\Home->copytable()
 3 SYSTEMPATH/CodeIgniter.php(497): CodeIgniter\CodeIgniter->runController()
 4 SYSTEMPATH/CodeIgniter.php(366): CodeIgniter\CodeIgniter->handleRequest()
 5 FCPATH/index.php(69): CodeIgniter\CodeIgniter->run()
CRITICAL - 2023-11-25 11:08:03 --> Call to a member function getResult() on bool
in APPPATH/Models/UserModel.php on line 248.
 1 APPPATH/Controllers/Home.php(749): App\Models\UserModel->copytable()
 2 SYSTEMPATH/CodeIgniter.php(932): App\Controllers\Home->copytable()
 3 SYSTEMPATH/CodeIgniter.php(497): CodeIgniter\CodeIgniter->runController()
 4 SYSTEMPATH/CodeIgniter.php(366): CodeIgniter\CodeIgniter->handleRequest()
 5 FCPATH/index.php(69): CodeIgniter\CodeIgniter->run()
CRITICAL - 2023-11-25 11:40:17 --> Call to a member function getResult() on bool
in APPPATH/Models/UserModel.php on line 248.
 1 APPPATH/Controllers/Home.php(749): App\Models\UserModel->copytable()
 2 SYSTEMPATH/CodeIgniter.php(932): App\Controllers\Home->copytable()
 3 SYSTEMPATH/CodeIgniter.php(497): CodeIgniter\CodeIgniter->runController()
 4 SYSTEMPATH/CodeIgniter.php(366): CodeIgniter\CodeIgniter->handleRequest()
 5 FCPATH/index.php(69): CodeIgniter\CodeIgniter->run()
CRITICAL - 2023-11-25 11:46:56 --> Call to a member function getResult() on bool
in APPPATH/Models/UserModel.php on line 248.
 1 APPPATH/Controllers/Home.php(749): App\Models\UserModel->copytable()
 2 SYSTEMPATH/CodeIgniter.php(932): App\Controllers\Home->copytable()
 3 SYSTEMPATH/CodeIgniter.php(497): CodeIgniter\CodeIgniter->runController()
 4 SYSTEMPATH/CodeIgniter.php(366): CodeIgniter\CodeIgniter->handleRequest()
 5 FCPATH/index.php(69): CodeIgniter\CodeIgniter->run()
CRITICAL - 2023-11-25 11:56:17 --> Call to a member function getResult() on bool
in APPPATH/Models/UserModel.php on line 248.
 1 APPPATH/Controllers/Home.php(749): App\Models\UserModel->copytable()
 2 SYSTEMPATH/CodeIgniter.php(932): App\Controllers\Home->copytable()
 3 SYSTEMPATH/CodeIgniter.php(497): CodeIgniter\CodeIgniter->runController()
 4 SYSTEMPATH/CodeIgniter.php(366): CodeIgniter\CodeIgniter->handleRequest()
 5 FCPATH/index.php(69): CodeIgniter\CodeIgniter->run()
CRITICAL - 2023-11-25 12:14:21 --> Call to a member function getResult() on bool
in APPPATH/Models/UserModel.php on line 248.
 1 APPPATH/Controllers/Home.php(749): App\Models\UserModel->copytable()
 2 SYSTEMPATH/CodeIgniter.php(932): App\Controllers\Home->copytable()
 3 SYSTEMPATH/CodeIgniter.php(497): CodeIgniter\CodeIgniter->runController()
 4 SYSTEMPATH/CodeIgniter.php(366): CodeIgniter\CodeIgniter->handleRequest()
 5 FCPATH/index.php(69): CodeIgniter\CodeIgniter->run()
CRITICAL - 2023-11-25 12:24:32 --> Call to a member function getResult() on bool
in APPPATH/Models/UserModel.php on line 248.
 1 APPPATH/Controllers/Home.php(749): App\Models\UserModel->copytable()
 2 SYSTEMPATH/CodeIgniter.php(932): App\Controllers\Home->copytable()
 3 SYSTEMPATH/CodeIgniter.php(497): CodeIgniter\CodeIgniter->runController()
 4 SYSTEMPATH/CodeIgniter.php(366): CodeIgniter\CodeIgniter->handleRequest()
 5 FCPATH/index.php(69): CodeIgniter\CodeIgniter->run()
