CRITICAL - 2023-11-12 09:25:35 --> Call to a member function getResult() on bool
in APPPATH/Models/UserModel.php on line 247.
 1 APPPATH/Controllers/Home.php(643): App\Models\UserModel->copytable('844428')
 2 SYSTEMPATH/CodeIgniter.php(932): App\Controllers\Home->copytable()
 3 SYSTEMPATH/CodeIgniter.php(497): CodeIgniter\CodeIgniter->runController(Object(App\Controllers\Home))
 4 SYSTEMPATH/CodeIgniter.php(366): CodeIgniter\CodeIgniter->handleRequest(null, Object(Config\Cache), false)
 5 FCPATH/index.php(70): CodeIgniter\CodeIgniter->run()
CRITICAL - 2023-11-12 11:28:58 --> Call to a member function getResult() on bool
in APPPATH/Models/UserModel.php on line 247.
 1 APPPATH/Controllers/Home.php(643): App\Models\UserModel->copytable('483428')
 2 SYSTEMPATH/CodeIgniter.php(932): App\Controllers\Home->copytable()
 3 SYSTEMPATH/CodeIgniter.php(497): CodeIgniter\CodeIgniter->runController(Object(App\Controllers\Home))
 4 SYSTEMPATH/CodeIgniter.php(366): CodeIgniter\CodeIgniter->handleRequest(null, Object(Config\Cache), false)
 5 FCPATH/index.php(70): CodeIgniter\CodeIgniter->run()
CRITICAL - 2023-11-12 11:31:55 --> Call to a member function getResult() on bool
in APPPATH/Models/UserModel.php on line 247.
 1 APPPATH/Controllers/Home.php(662): App\Models\UserModel->copytable('350080')
 2 SYSTEMPATH/CodeIgniter.php(932): App\Controllers\Home->copytable()
 3 SYSTEMPATH/CodeIgniter.php(497): CodeIgniter\CodeIgniter->runController(Object(App\Controllers\Home))
 4 SYSTEMPATH/CodeIgniter.php(366): CodeIgniter\CodeIgniter->handleRequest(null, Object(Config\Cache), false)
 5 FCPATH/index.php(70): CodeIgniter\CodeIgniter->run()
CRITICAL - 2023-11-12 11:37:48 --> Invalid argument supplied for foreach()
in APPPATH/Views/dashboard.php on line 261.
 1 APPPATH/Views/dashboard.php(261): CodeIgniter\Debug\Exceptions->errorHandler(2, 'Invalid argument supplied for foreach()', '/home/dduoydj7qm5c/nooruiaintrader.store/app/Views/dashboard.php', 261, [...])
 2 SYSTEMPATH/View/View.php(224): include('/home/dduoydj7qm5c/nooruiaintrader.store/app/Views/dashboard.php')
 3 SYSTEMPATH/View/View.php(227): CodeIgniter\View\View->CodeIgniter\View\{closure}()
 4 SYSTEMPATH/Common.php(1176): CodeIgniter\View\View->render('dashboard', [], true)
 5 APPPATH/Controllers/Home.php(369): view('dashboard', [...])
 6 SYSTEMPATH/CodeIgniter.php(932): App\Controllers\Home->dashboard()
 7 SYSTEMPATH/CodeIgniter.php(497): CodeIgniter\CodeIgniter->runController(Object(App\Controllers\Home))
 8 SYSTEMPATH/CodeIgniter.php(366): CodeIgniter\CodeIgniter->handleRequest(null, Object(Config\Cache), false)
 9 FCPATH/index.php(70): CodeIgniter\CodeIgniter->run()
CRITICAL - 2023-11-12 11:38:11 --> Invalid argument supplied for foreach()
in APPPATH/Views/dashboard.php on line 261.
 1 APPPATH/Views/dashboard.php(261): CodeIgniter\Debug\Exceptions->errorHandler(2, 'Invalid argument supplied for foreach()', '/home/dduoydj7qm5c/nooruiaintrader.store/app/Views/dashboard.php', 261, [...])
 2 SYSTEMPATH/View/View.php(224): include('/home/dduoydj7qm5c/nooruiaintrader.store/app/Views/dashboard.php')
 3 SYSTEMPATH/View/View.php(227): CodeIgniter\View\View->CodeIgniter\View\{closure}()
 4 SYSTEMPATH/Common.php(1176): CodeIgniter\View\View->render('dashboard', [], true)
 5 APPPATH/Controllers/Home.php(369): view('dashboard', [...])
 6 SYSTEMPATH/CodeIgniter.php(932): App\Controllers\Home->dashboard()
 7 SYSTEMPATH/CodeIgniter.php(497): CodeIgniter\CodeIgniter->runController(Object(App\Controllers\Home))
 8 SYSTEMPATH/CodeIgniter.php(366): CodeIgniter\CodeIgniter->handleRequest(null, Object(Config\Cache), false)
 9 FCPATH/index.php(70): CodeIgniter\CodeIgniter->run()
CRITICAL - 2023-11-12 11:59:27 --> Call to a member function getResult() on bool
in APPPATH/Models/UserModel.php on line 247.
 1 APPPATH/Controllers/Home.php(674): App\Models\UserModel->copytable('690451')
 2 SYSTEMPATH/CodeIgniter.php(932): App\Controllers\Home->copytable()
 3 SYSTEMPATH/CodeIgniter.php(497): CodeIgniter\CodeIgniter->runController(Object(App\Controllers\Home))
 4 SYSTEMPATH/CodeIgniter.php(366): CodeIgniter\CodeIgniter->handleRequest(null, Object(Config\Cache), false)
 5 FCPATH/index.php(70): CodeIgniter\CodeIgniter->run()
