CRITICAL - 2023-11-13 05:17:31 --> Call to a member function getResult() on bool
in APPPATH/Models/UserModel.php on line 247.
 1 APPPATH/Controllers/Home.php(674): App\Models\UserModel->copytable('722534')
 2 SYSTEMPATH/CodeIgniter.php(932): App\Controllers\Home->copytable()
 3 SYSTEMPATH/CodeIgniter.php(497): CodeIgniter\CodeIgniter->runController(Object(App\Controllers\Home))
 4 SYSTEMPATH/CodeIgniter.php(366): CodeIgniter\CodeIgniter->handleRequest(null, Object(Config\Cache), false)
 5 FCPATH/index.php(70): CodeIgniter\CodeIgniter->run()
CRITICAL - 2023-11-13 05:20:15 --> Call to a member function getResult() on bool
in APPPATH/Models/UserModel.php on line 247.
 1 APPPATH/Controllers/Home.php(674): App\Models\UserModel->copytable('449943')
 2 SYSTEMPATH/CodeIgniter.php(932): App\Controllers\Home->copytable()
 3 SYSTEMPATH/CodeIgniter.php(497): CodeIgniter\CodeIgniter->runController(Object(App\Controllers\Home))
 4 SYSTEMPATH/CodeIgniter.php(366): CodeIgniter\CodeIgniter->handleRequest(null, Object(Config\Cache), false)
 5 FCPATH/index.php(70): CodeIgniter\CodeIgniter->run()
CRITICAL - 2023-11-13 05:43:55 --> Call to a member function getResult() on bool
in APPPATH/Models/UserModel.php on line 247.
 1 APPPATH/Controllers/Home.php(674): App\Models\UserModel->copytable('284972')
 2 SYSTEMPATH/CodeIgniter.php(932): App\Controllers\Home->copytable()
 3 SYSTEMPATH/CodeIgniter.php(497): CodeIgniter\CodeIgniter->runController(Object(App\Controllers\Home))
 4 SYSTEMPATH/CodeIgniter.php(366): CodeIgniter\CodeIgniter->handleRequest(null, Object(Config\Cache), false)
 5 FCPATH/index.php(70): CodeIgniter\CodeIgniter->run()
CRITICAL - 2023-11-13 05:50:36 --> Call to a member function getResult() on bool
in APPPATH/Models/UserModel.php on line 247.
 1 APPPATH/Controllers/Home.php(674): App\Models\UserModel->copytable('845986')
 2 SYSTEMPATH/CodeIgniter.php(932): App\Controllers\Home->copytable()
 3 SYSTEMPATH/CodeIgniter.php(497): CodeIgniter\CodeIgniter->runController(Object(App\Controllers\Home))
 4 SYSTEMPATH/CodeIgniter.php(366): CodeIgniter\CodeIgniter->handleRequest(null, Object(Config\Cache), false)
 5 FCPATH/index.php(70): CodeIgniter\CodeIgniter->run()
CRITICAL - 2023-11-13 05:51:48 --> Call to a member function getResult() on bool
in APPPATH/Models/UserModel.php on line 247.
 1 APPPATH/Controllers/Home.php(674): App\Models\UserModel->copytable('975169')
 2 SYSTEMPATH/CodeIgniter.php(932): App\Controllers\Home->copytable()
 3 SYSTEMPATH/CodeIgniter.php(497): CodeIgniter\CodeIgniter->runController(Object(App\Controllers\Home))
 4 SYSTEMPATH/CodeIgniter.php(366): CodeIgniter\CodeIgniter->handleRequest(null, Object(Config\Cache), false)
 5 FCPATH/index.php(70): CodeIgniter\CodeIgniter->run()
CRITICAL - 2023-11-13 06:07:55 --> Call to a member function getResult() on bool
in APPPATH/Models/UserModel.php on line 247.
 1 APPPATH/Controllers/Home.php(674): App\Models\UserModel->copytable('766430')
 2 SYSTEMPATH/CodeIgniter.php(932): App\Controllers\Home->copytable()
 3 SYSTEMPATH/CodeIgniter.php(497): CodeIgniter\CodeIgniter->runController(Object(App\Controllers\Home))
 4 SYSTEMPATH/CodeIgniter.php(366): CodeIgniter\CodeIgniter->handleRequest(null, Object(Config\Cache), false)
 5 FCPATH/index.php(70): CodeIgniter\CodeIgniter->run()
CRITICAL - 2023-11-13 06:30:48 --> Call to a member function getResult() on bool
in APPPATH/Models/UserModel.php on line 247.
 1 APPPATH/Controllers/Home.php(674): App\Models\UserModel->copytable('209577')
 2 SYSTEMPATH/CodeIgniter.php(932): App\Controllers\Home->copytable()
 3 SYSTEMPATH/CodeIgniter.php(497): CodeIgniter\CodeIgniter->runController(Object(App\Controllers\Home))
 4 SYSTEMPATH/CodeIgniter.php(366): CodeIgniter\CodeIgniter->handleRequest(null, Object(Config\Cache), false)
 5 FCPATH/index.php(70): CodeIgniter\CodeIgniter->run()
CRITICAL - 2023-11-13 06:31:59 --> Call to a member function getResult() on bool
in APPPATH/Models/UserModel.php on line 247.
 1 APPPATH/Controllers/Home.php(674): App\Models\UserModel->copytable('897199')
 2 SYSTEMPATH/CodeIgniter.php(932): App\Controllers\Home->copytable()
 3 SYSTEMPATH/CodeIgniter.php(497): CodeIgniter\CodeIgniter->runController(Object(App\Controllers\Home))
 4 SYSTEMPATH/CodeIgniter.php(366): CodeIgniter\CodeIgniter->handleRequest(null, Object(Config\Cache), false)
 5 FCPATH/index.php(70): CodeIgniter\CodeIgniter->run()
CRITICAL - 2023-11-13 06:53:43 --> Call to a member function getResult() on bool
in APPPATH/Models/UserModel.php on line 247.
 1 APPPATH/Controllers/Home.php(674): App\Models\UserModel->copytable('387296')
 2 SYSTEMPATH/CodeIgniter.php(932): App\Controllers\Home->copytable()
 3 SYSTEMPATH/CodeIgniter.php(497): CodeIgniter\CodeIgniter->runController(Object(App\Controllers\Home))
 4 SYSTEMPATH/CodeIgniter.php(366): CodeIgniter\CodeIgniter->handleRequest(null, Object(Config\Cache), false)
 5 FCPATH/index.php(70): CodeIgniter\CodeIgniter->run()
CRITICAL - 2023-11-13 07:01:43 --> Call to a member function getResult() on bool
in APPPATH/Models/UserModel.php on line 247.
 1 APPPATH/Controllers/Home.php(674): App\Models\UserModel->copytable('602949')
 2 SYSTEMPATH/CodeIgniter.php(932): App\Controllers\Home->copytable()
 3 SYSTEMPATH/CodeIgniter.php(497): CodeIgniter\CodeIgniter->runController(Object(App\Controllers\Home))
 4 SYSTEMPATH/CodeIgniter.php(366): CodeIgniter\CodeIgniter->handleRequest(null, Object(Config\Cache), false)
 5 FCPATH/index.php(70): CodeIgniter\CodeIgniter->run()
CRITICAL - 2023-11-13 07:25:32 --> Call to a member function getResult() on bool
in APPPATH/Models/UserModel.php on line 247.
 1 APPPATH/Controllers/Home.php(674): App\Models\UserModel->copytable('448251')
 2 SYSTEMPATH/CodeIgniter.php(932): App\Controllers\Home->copytable()
 3 SYSTEMPATH/CodeIgniter.php(497): CodeIgniter\CodeIgniter->runController(Object(App\Controllers\Home))
 4 SYSTEMPATH/CodeIgniter.php(366): CodeIgniter\CodeIgniter->handleRequest(null, Object(Config\Cache), false)
 5 FCPATH/index.php(70): CodeIgniter\CodeIgniter->run()
CRITICAL - 2023-11-13 07:47:06 --> Call to a member function getResult() on bool
in APPPATH/Models/UserModel.php on line 247.
 1 APPPATH/Controllers/Home.php(674): App\Models\UserModel->copytable('109539')
 2 SYSTEMPATH/CodeIgniter.php(932): App\Controllers\Home->copytable()
 3 SYSTEMPATH/CodeIgniter.php(497): CodeIgniter\CodeIgniter->runController(Object(App\Controllers\Home))
 4 SYSTEMPATH/CodeIgniter.php(366): CodeIgniter\CodeIgniter->handleRequest(null, Object(Config\Cache), false)
 5 FCPATH/index.php(70): CodeIgniter\CodeIgniter->run()
CRITICAL - 2023-11-13 07:48:44 --> Call to a member function getResult() on bool
in APPPATH/Models/UserModel.php on line 247.
 1 APPPATH/Controllers/Home.php(674): App\Models\UserModel->copytable('626286')
 2 SYSTEMPATH/CodeIgniter.php(932): App\Controllers\Home->copytable()
 3 SYSTEMPATH/CodeIgniter.php(497): CodeIgniter\CodeIgniter->runController(Object(App\Controllers\Home))
 4 SYSTEMPATH/CodeIgniter.php(366): CodeIgniter\CodeIgniter->handleRequest(null, Object(Config\Cache), false)
 5 FCPATH/index.php(70): CodeIgniter\CodeIgniter->run()
CRITICAL - 2023-11-13 07:54:25 --> Call to a member function getResult() on bool
in APPPATH/Models/UserModel.php on line 247.
 1 APPPATH/Controllers/Home.php(674): App\Models\UserModel->copytable('691394')
 2 SYSTEMPATH/CodeIgniter.php(932): App\Controllers\Home->copytable()
 3 SYSTEMPATH/CodeIgniter.php(497): CodeIgniter\CodeIgniter->runController(Object(App\Controllers\Home))
 4 SYSTEMPATH/CodeIgniter.php(366): CodeIgniter\CodeIgniter->handleRequest(null, Object(Config\Cache), false)
 5 FCPATH/index.php(70): CodeIgniter\CodeIgniter->run()
CRITICAL - 2023-11-13 08:52:17 --> Call to a member function getResult() on bool
in APPPATH/Models/UserModel.php on line 247.
 1 APPPATH/Controllers/Home.php(674): App\Models\UserModel->copytable('367396')
 2 SYSTEMPATH/CodeIgniter.php(932): App\Controllers\Home->copytable()
 3 SYSTEMPATH/CodeIgniter.php(497): CodeIgniter\CodeIgniter->runController(Object(App\Controllers\Home))
 4 SYSTEMPATH/CodeIgniter.php(366): CodeIgniter\CodeIgniter->handleRequest(null, Object(Config\Cache), false)
 5 FCPATH/index.php(70): CodeIgniter\CodeIgniter->run()
CRITICAL - 2023-11-13 08:56:50 --> Call to a member function getResult() on bool
in APPPATH/Models/UserModel.php on line 247.
 1 APPPATH/Controllers/Home.php(674): App\Models\UserModel->copytable('841840')
 2 SYSTEMPATH/CodeIgniter.php(932): App\Controllers\Home->copytable()
 3 SYSTEMPATH/CodeIgniter.php(497): CodeIgniter\CodeIgniter->runController(Object(App\Controllers\Home))
 4 SYSTEMPATH/CodeIgniter.php(366): CodeIgniter\CodeIgniter->handleRequest(null, Object(Config\Cache), false)
 5 FCPATH/index.php(70): CodeIgniter\CodeIgniter->run()
CRITICAL - 2023-11-13 09:08:49 --> Call to a member function getResult() on bool
in APPPATH/Models/UserModel.php on line 247.
 1 APPPATH/Controllers/Home.php(674): App\Models\UserModel->copytable('450105')
 2 SYSTEMPATH/CodeIgniter.php(932): App\Controllers\Home->copytable()
 3 SYSTEMPATH/CodeIgniter.php(497): CodeIgniter\CodeIgniter->runController(Object(App\Controllers\Home))
 4 SYSTEMPATH/CodeIgniter.php(366): CodeIgniter\CodeIgniter->handleRequest(null, Object(Config\Cache), false)
 5 FCPATH/index.php(70): CodeIgniter\CodeIgniter->run()
CRITICAL - 2023-11-13 09:17:14 --> Call to a member function getResult() on bool
in APPPATH/Models/UserModel.php on line 247.
 1 APPPATH/Controllers/Home.php(674): App\Models\UserModel->copytable('987854')
 2 SYSTEMPATH/CodeIgniter.php(932): App\Controllers\Home->copytable()
 3 SYSTEMPATH/CodeIgniter.php(497): CodeIgniter\CodeIgniter->runController(Object(App\Controllers\Home))
 4 SYSTEMPATH/CodeIgniter.php(366): CodeIgniter\CodeIgniter->handleRequest(null, Object(Config\Cache), false)
 5 FCPATH/index.php(70): CodeIgniter\CodeIgniter->run()
CRITICAL - 2023-11-13 09:22:06 --> Call to a member function getResult() on bool
in APPPATH/Models/UserModel.php on line 247.
 1 APPPATH/Controllers/Home.php(674): App\Models\UserModel->copytable('178698')
 2 SYSTEMPATH/CodeIgniter.php(932): App\Controllers\Home->copytable()
 3 SYSTEMPATH/CodeIgniter.php(497): CodeIgniter\CodeIgniter->runController(Object(App\Controllers\Home))
 4 SYSTEMPATH/CodeIgniter.php(366): CodeIgniter\CodeIgniter->handleRequest(null, Object(Config\Cache), false)
 5 FCPATH/index.php(70): CodeIgniter\CodeIgniter->run()
CRITICAL - 2023-11-13 09:41:33 --> Call to a member function getResult() on bool
in APPPATH/Models/UserModel.php on line 247.
 1 APPPATH/Controllers/Home.php(674): App\Models\UserModel->copytable('994117')
 2 SYSTEMPATH/CodeIgniter.php(932): App\Controllers\Home->copytable()
 3 SYSTEMPATH/CodeIgniter.php(497): CodeIgniter\CodeIgniter->runController(Object(App\Controllers\Home))
 4 SYSTEMPATH/CodeIgniter.php(366): CodeIgniter\CodeIgniter->handleRequest(null, Object(Config\Cache), false)
 5 FCPATH/index.php(70): CodeIgniter\CodeIgniter->run()
CRITICAL - 2023-11-13 10:11:31 --> Call to a member function getResult() on bool
in APPPATH/Models/UserModel.php on line 247.
 1 APPPATH/Controllers/Home.php(674): App\Models\UserModel->copytable('991875')
 2 SYSTEMPATH/CodeIgniter.php(932): App\Controllers\Home->copytable()
 3 SYSTEMPATH/CodeIgniter.php(497): CodeIgniter\CodeIgniter->runController(Object(App\Controllers\Home))
 4 SYSTEMPATH/CodeIgniter.php(366): CodeIgniter\CodeIgniter->handleRequest(null, Object(Config\Cache), false)
 5 FCPATH/index.php(70): CodeIgniter\CodeIgniter->run()
CRITICAL - 2023-11-13 10:58:18 --> Call to a member function getResult() on bool
in APPPATH/Models/UserModel.php on line 247.
 1 APPPATH/Controllers/Home.php(674): App\Models\UserModel->copytable('737470')
 2 SYSTEMPATH/CodeIgniter.php(932): App\Controllers\Home->copytable()
 3 SYSTEMPATH/CodeIgniter.php(497): CodeIgniter\CodeIgniter->runController(Object(App\Controllers\Home))
 4 SYSTEMPATH/CodeIgniter.php(366): CodeIgniter\CodeIgniter->handleRequest(null, Object(Config\Cache), false)
 5 FCPATH/index.php(70): CodeIgniter\CodeIgniter->run()
CRITICAL - 2023-11-13 11:17:51 --> Call to a member function getResult() on bool
in APPPATH/Models/UserModel.php on line 247.
 1 APPPATH/Controllers/Home.php(674): App\Models\UserModel->copytable('534878')
 2 SYSTEMPATH/CodeIgniter.php(932): App\Controllers\Home->copytable()
 3 SYSTEMPATH/CodeIgniter.php(497): CodeIgniter\CodeIgniter->runController(Object(App\Controllers\Home))
 4 SYSTEMPATH/CodeIgniter.php(366): CodeIgniter\CodeIgniter->handleRequest(null, Object(Config\Cache), false)
 5 FCPATH/index.php(70): CodeIgniter\CodeIgniter->run()
CRITICAL - 2023-11-13 11:33:40 --> Call to a member function getResult() on bool
in APPPATH/Models/UserModel.php on line 247.
 1 APPPATH/Controllers/Home.php(674): App\Models\UserModel->copytable('648476')
 2 SYSTEMPATH/CodeIgniter.php(932): App\Controllers\Home->copytable()
 3 SYSTEMPATH/CodeIgniter.php(497): CodeIgniter\CodeIgniter->runController(Object(App\Controllers\Home))
 4 SYSTEMPATH/CodeIgniter.php(366): CodeIgniter\CodeIgniter->handleRequest(null, Object(Config\Cache), false)
 5 FCPATH/index.php(70): CodeIgniter\CodeIgniter->run()
CRITICAL - 2023-11-13 12:00:59 --> Call to a member function getResult() on bool
in APPPATH/Models/UserModel.php on line 247.
 1 APPPATH/Controllers/Home.php(674): App\Models\UserModel->copytable('586258')
 2 SYSTEMPATH/CodeIgniter.php(932): App\Controllers\Home->copytable()
 3 SYSTEMPATH/CodeIgniter.php(497): CodeIgniter\CodeIgniter->runController(Object(App\Controllers\Home))
 4 SYSTEMPATH/CodeIgniter.php(366): CodeIgniter\CodeIgniter->handleRequest(null, Object(Config\Cache), false)
 5 FCPATH/index.php(70): CodeIgniter\CodeIgniter->run()
CRITICAL - 2023-11-13 12:01:01 --> Call to a member function getResult() on bool
in APPPATH/Models/UserModel.php on line 247.
 1 APPPATH/Controllers/Home.php(674): App\Models\UserModel->copytable('586258')
 2 SYSTEMPATH/CodeIgniter.php(932): App\Controllers\Home->copytable()
 3 SYSTEMPATH/CodeIgniter.php(497): CodeIgniter\CodeIgniter->runController(Object(App\Controllers\Home))
 4 SYSTEMPATH/CodeIgniter.php(366): CodeIgniter\CodeIgniter->handleRequest(null, Object(Config\Cache), false)
 5 FCPATH/index.php(70): CodeIgniter\CodeIgniter->run()
CRITICAL - 2023-11-13 12:01:47 --> Call to a member function getResult() on bool
in APPPATH/Models/UserModel.php on line 247.
 1 APPPATH/Controllers/Home.php(674): App\Models\UserModel->copytable('586258')
 2 SYSTEMPATH/CodeIgniter.php(932): App\Controllers\Home->copytable()
 3 SYSTEMPATH/CodeIgniter.php(497): CodeIgniter\CodeIgniter->runController(Object(App\Controllers\Home))
 4 SYSTEMPATH/CodeIgniter.php(366): CodeIgniter\CodeIgniter->handleRequest(null, Object(Config\Cache), false)
 5 FCPATH/index.php(70): CodeIgniter\CodeIgniter->run()
CRITICAL - 2023-11-13 12:02:50 --> Call to a member function getResult() on bool
in APPPATH/Models/UserModel.php on line 247.
 1 APPPATH/Controllers/Home.php(674): App\Models\UserModel->copytable('776619')
 2 SYSTEMPATH/CodeIgniter.php(932): App\Controllers\Home->copytable()
 3 SYSTEMPATH/CodeIgniter.php(497): CodeIgniter\CodeIgniter->runController(Object(App\Controllers\Home))
 4 SYSTEMPATH/CodeIgniter.php(366): CodeIgniter\CodeIgniter->handleRequest(null, Object(Config\Cache), false)
 5 FCPATH/index.php(70): CodeIgniter\CodeIgniter->run()
CRITICAL - 2023-11-13 12:09:15 --> Call to a member function getResult() on bool
in APPPATH/Models/UserModel.php on line 247.
 1 APPPATH/Controllers/Home.php(674): App\Models\UserModel->copytable('245379')
 2 SYSTEMPATH/CodeIgniter.php(932): App\Controllers\Home->copytable()
 3 SYSTEMPATH/CodeIgniter.php(497): CodeIgniter\CodeIgniter->runController(Object(App\Controllers\Home))
 4 SYSTEMPATH/CodeIgniter.php(366): CodeIgniter\CodeIgniter->handleRequest(null, Object(Config\Cache), false)
 5 FCPATH/index.php(70): CodeIgniter\CodeIgniter->run()
